+ '[' 2 -ne 2 ']'
+ module load xl_r spectrum-mpi cuda
++ /usr/share/lmod/lmod/libexec/lmod bash load xl_r spectrum-mpi cuda
+ eval 'CC=/opt/ibm/xlC/16.1.1/bin/xlc_r;' export 'CC;' 'CCI_SMPI_SET_TS=2021082400;' export 'CCI_SMPI_SET_TS;' 'CPP=/opt/ibm/xlC/16.1.1/bin/xlc_r\' '-E;' export 'CPP;' 'CUDA_HOME=/usr/local/cuda-11.0;' export 'CUDA_HOME;' 'CUDA_PATH=/usr/local/cuda-11.0;' export 'CUDA_PATH;' 'CXX=/opt/ibm/xlC/16.1.1/bin/xlc++_r;' export 'CXX;' 'CXXCPP=/opt/ibm/xlC/16.1.1/bin/xlc++_r\' '-E;' export 'CXXCPP;' 'F77=/opt/ibm/xlf/16.1.1/bin/xlf_r;' export 'F77;' 'F90=/opt/ibm/xlf/16.1.1/bin/xlf90_r;' export 'F90;' 'F95=/opt/ibm/xlf/16.1.1/bin/xlf95_r;' export 'F95;' 'LD_LIBRARY_PATH=/usr/local/cuda-11.0/lib64:/opt/ibm/spectrum_mpi/profilesupport/lib:/opt/ibm/spectrum_mpi/lib:/opt/mellanox/sharp/lib:/opt/mellanox/hcoll/lib;' export 'LD_LIBRARY_PATH;' 'LMOD_FAMILY_COMPILER=xl_r;' export 'LMOD_FAMILY_COMPILER;' 'LMOD_FAMILY_COMPILER_VERSION=16.1.1;' export 'LMOD_FAMILY_COMPILER_VERSION;' 'LMOD_FAMILY_MPI=spectrum-mpi;' export 'LMOD_FAMILY_MPI;' 'LMOD_FAMILY_MPI_VERSION=10.4;' export 'LMOD_FAMILY_MPI_VERSION;' 'LOADEDMODULES=xl_r/16.1.1:spectrum-mpi/10.4:cuda/11.0;' export 'LOADEDMODULES;' 'MANPATH=/opt/ibm/spectrum_mpi/share/man;' export 'MANPATH;' 'MODULEPATH=/gpfs/u/software/dcs-rhel8/modulefiles/dcs-rhel8/modulefiles/.spectrum-mpi/10.4/.cuda/11.0:/gpfs/u/software/dcs-rhel8/modulefiles/.spectrum-mpi/10.4:/gpfs/u/software/dcs-rhel8/modulefiles/.xl_r/16.1.1:/gpfs/u/software/dcs-rhel8/modulefiles;' export 'MODULEPATH;' 'MPI_ROOT=/opt/ibm/spectrum_mpi;' export 'MPI_ROOT;' 'OPAL_LIBDIR=/opt/ibm/spectrum_mpi/lib;' export 'OPAL_LIBDIR;' 'PAMI_ENABLE_STRIPING=0;' export 'PAMI_ENABLE_STRIPING;' 'PAMI_IBV_ADAPTER_AFFINITY=1;' export 'PAMI_IBV_ADAPTER_AFFINITY;' 'PAMI_IBV_ENABLE_OOO_AR=1;' export 'PAMI_IBV_ENABLE_OOO_AR;' 'PATH=/usr/local/cuda-11.0/bin:/opt/ibm/spectrum_mpi/bin:/opt/ibm/xlf/16.1.1/bin:/opt/ibm/xlC/16.1.1/bin:/usr/lpp/mmfs/bin:/usr/local/bin:/usr/bin:/usr/local/sbin:/usr/sbin:/gpfs/u/home/PCPG/PCPGbmsn/.local/bin:/gpfs/u/home/PCPG/PCPGbmsn/bin;' export 'PATH;' '_LMFILES_=/gpfs/u/software/dcs-rhel8/modulefiles/xl_r/16.1.1.lua:/gpfs/u/software/dcs-rhel8/modulefiles/spectrum-mpi/10.4.lua:/gpfs/u/software/dcs-rhel8/modulefiles/.spectrum-mpi/10.4/cuda/11.0.lua;' export '_LMFILES_;' '_ModuleTable001_=X01vZHVsZVRhYmxlXz17WyJNVHZlcnNpb24iXT0zLFsiY19yZWJ1aWxkVGltZSJdPWZhbHNlLFsiY19zaG9ydFRpbWUiXT1mYWxzZSxkZXB0aFQ9e30sZmFtaWx5PXtbImNvbXBpbGVyIl09InhsX3IiLFsibXBpIl09InNwZWN0cnVtLW1waSIsfSxtVD17Y3VkYT17WyJmbiJdPSIvZ3Bmcy91L3NvZnR3YXJlL2Rjcy1yaGVsOC9tb2R1bGVmaWxlcy8uc3BlY3RydW0tbXBpLzEwLjQvY3VkYS8xMS4wLmx1YSIsWyJmdWxsTmFtZSJdPSJjdWRhLzExLjAiLFsibG9hZE9yZGVyIl09Myxwcm9wVD17c3RhdGU9e1sidGVzdGluZyJdPTEsfSx9LFsic3RhY2tEZXB0aCJdPTAsWyJzdGF0dXMiXT0iYWN0aXZlIixbInVzZXJOYW1lIl09ImN1ZGEiLH0sWyJzcGVjdHJ1bS1tcGkiXT17WyJm;' export '_ModuleTable001_;' '_ModuleTable002_=biJdPSIvZ3Bmcy91L3NvZnR3YXJlL2Rjcy1yaGVsOC9tb2R1bGVmaWxlcy9zcGVjdHJ1bS1tcGkvMTAuNC5sdWEiLFsiZnVsbE5hbWUiXT0ic3BlY3RydW0tbXBpLzEwLjQiLFsibG9hZE9yZGVyIl09Mixwcm9wVD17c3RhdGU9e1sidGVzdGluZyJdPTEsfSx9LFsic3RhY2tEZXB0aCJdPTAsWyJzdGF0dXMiXT0iYWN0aXZlIixbInVzZXJOYW1lIl09InNwZWN0cnVtLW1waSIsfSx4bF9yPXtbImZuIl09Ii9ncGZzL3Uvc29mdHdhcmUvZGNzLXJoZWw4L21vZHVsZWZpbGVzL3hsX3IvMTYuMS4xLmx1YSIsWyJmdWxsTmFtZSJdPSJ4bF9yLzE2LjEuMSIsWyJsb2FkT3JkZXIiXT0xLHByb3BUPXt9LFsic3RhY2tEZXB0aCJdPTAsWyJzdGF0dXMiXT0iYWN0aXZlIixbInVzZXJOYW1l;' export '_ModuleTable002_;' '_ModuleTable003_=Il09InhsX3IiLH0sfSxtcGF0aEE9eyIvZ3Bmcy91L3NvZnR3YXJlL2Rjcy1yaGVsOC9tb2R1bGVmaWxlcy9kY3MtcmhlbDgvbW9kdWxlZmlsZXMvLnNwZWN0cnVtLW1waS8xMC40Ly5jdWRhLzExLjAiLCIvZ3Bmcy91L3NvZnR3YXJlL2Rjcy1yaGVsOC9tb2R1bGVmaWxlcy8uc3BlY3RydW0tbXBpLzEwLjQiLCIvZ3Bmcy91L3NvZnR3YXJlL2Rjcy1yaGVsOC9tb2R1bGVmaWxlcy8ueGxfci8xNi4xLjEiLCIvZ3Bmcy91L3NvZnR3YXJlL2Rjcy1yaGVsOC9tb2R1bGVmaWxlcyIsfSxbInN5c3RlbUJhc2VNUEFUSCJdPSIvZ3Bmcy91L3NvZnR3YXJlL2Rjcy1yaGVsOC9tb2R1bGVmaWxlcyIsfQ==;' export '_ModuleTable003_;' '_ModuleTable_Sz_=3;' export '_ModuleTable_Sz_;'
++ CC=/opt/ibm/xlC/16.1.1/bin/xlc_r
++ export CC
++ CCI_SMPI_SET_TS=2021082400
++ export CCI_SMPI_SET_TS
++ CPP='/opt/ibm/xlC/16.1.1/bin/xlc_r -E'
++ export CPP
++ CUDA_HOME=/usr/local/cuda-11.0
++ export CUDA_HOME
++ CUDA_PATH=/usr/local/cuda-11.0
++ export CUDA_PATH
++ CXX=/opt/ibm/xlC/16.1.1/bin/xlc++_r
++ export CXX
++ CXXCPP='/opt/ibm/xlC/16.1.1/bin/xlc++_r -E'
++ export CXXCPP
++ F77=/opt/ibm/xlf/16.1.1/bin/xlf_r
++ export F77
++ F90=/opt/ibm/xlf/16.1.1/bin/xlf90_r
++ export F90
++ F95=/opt/ibm/xlf/16.1.1/bin/xlf95_r
++ export F95
++ LD_LIBRARY_PATH=/usr/local/cuda-11.0/lib64:/opt/ibm/spectrum_mpi/profilesupport/lib:/opt/ibm/spectrum_mpi/lib:/opt/mellanox/sharp/lib:/opt/mellanox/hcoll/lib
++ export LD_LIBRARY_PATH
++ LMOD_FAMILY_COMPILER=xl_r
++ export LMOD_FAMILY_COMPILER
++ LMOD_FAMILY_COMPILER_VERSION=16.1.1
++ export LMOD_FAMILY_COMPILER_VERSION
++ LMOD_FAMILY_MPI=spectrum-mpi
++ export LMOD_FAMILY_MPI
++ LMOD_FAMILY_MPI_VERSION=10.4
++ export LMOD_FAMILY_MPI_VERSION
++ LOADEDMODULES=xl_r/16.1.1:spectrum-mpi/10.4:cuda/11.0
++ export LOADEDMODULES
++ MANPATH=/opt/ibm/spectrum_mpi/share/man
++ export MANPATH
++ MODULEPATH=/gpfs/u/software/dcs-rhel8/modulefiles/dcs-rhel8/modulefiles/.spectrum-mpi/10.4/.cuda/11.0:/gpfs/u/software/dcs-rhel8/modulefiles/.spectrum-mpi/10.4:/gpfs/u/software/dcs-rhel8/modulefiles/.xl_r/16.1.1:/gpfs/u/software/dcs-rhel8/modulefiles
++ export MODULEPATH
++ MPI_ROOT=/opt/ibm/spectrum_mpi
++ export MPI_ROOT
++ OPAL_LIBDIR=/opt/ibm/spectrum_mpi/lib
++ export OPAL_LIBDIR
++ PAMI_ENABLE_STRIPING=0
++ export PAMI_ENABLE_STRIPING
++ PAMI_IBV_ADAPTER_AFFINITY=1
++ export PAMI_IBV_ADAPTER_AFFINITY
++ PAMI_IBV_ENABLE_OOO_AR=1
++ export PAMI_IBV_ENABLE_OOO_AR
++ PATH=/usr/local/cuda-11.0/bin:/opt/ibm/spectrum_mpi/bin:/opt/ibm/xlf/16.1.1/bin:/opt/ibm/xlC/16.1.1/bin:/usr/lpp/mmfs/bin:/usr/local/bin:/usr/bin:/usr/local/sbin:/usr/sbin:/gpfs/u/home/PCPG/PCPGbmsn/.local/bin:/gpfs/u/home/PCPG/PCPGbmsn/bin
++ export PATH
++ _LMFILES_=/gpfs/u/software/dcs-rhel8/modulefiles/xl_r/16.1.1.lua:/gpfs/u/software/dcs-rhel8/modulefiles/spectrum-mpi/10.4.lua:/gpfs/u/software/dcs-rhel8/modulefiles/.spectrum-mpi/10.4/cuda/11.0.lua
++ export _LMFILES_
++ _ModuleTable001_=X01vZHVsZVRhYmxlXz17WyJNVHZlcnNpb24iXT0zLFsiY19yZWJ1aWxkVGltZSJdPWZhbHNlLFsiY19zaG9ydFRpbWUiXT1mYWxzZSxkZXB0aFQ9e30sZmFtaWx5PXtbImNvbXBpbGVyIl09InhsX3IiLFsibXBpIl09InNwZWN0cnVtLW1waSIsfSxtVD17Y3VkYT17WyJmbiJdPSIvZ3Bmcy91L3NvZnR3YXJlL2Rjcy1yaGVsOC9tb2R1bGVmaWxlcy8uc3BlY3RydW0tbXBpLzEwLjQvY3VkYS8xMS4wLmx1YSIsWyJmdWxsTmFtZSJdPSJjdWRhLzExLjAiLFsibG9hZE9yZGVyIl09Myxwcm9wVD17c3RhdGU9e1sidGVzdGluZyJdPTEsfSx9LFsic3RhY2tEZXB0aCJdPTAsWyJzdGF0dXMiXT0iYWN0aXZlIixbInVzZXJOYW1lIl09ImN1ZGEiLH0sWyJzcGVjdHJ1bS1tcGkiXT17WyJm
++ export _ModuleTable001_
++ _ModuleTable002_=biJdPSIvZ3Bmcy91L3NvZnR3YXJlL2Rjcy1yaGVsOC9tb2R1bGVmaWxlcy9zcGVjdHJ1bS1tcGkvMTAuNC5sdWEiLFsiZnVsbE5hbWUiXT0ic3BlY3RydW0tbXBpLzEwLjQiLFsibG9hZE9yZGVyIl09Mixwcm9wVD17c3RhdGU9e1sidGVzdGluZyJdPTEsfSx9LFsic3RhY2tEZXB0aCJdPTAsWyJzdGF0dXMiXT0iYWN0aXZlIixbInVzZXJOYW1lIl09InNwZWN0cnVtLW1waSIsfSx4bF9yPXtbImZuIl09Ii9ncGZzL3Uvc29mdHdhcmUvZGNzLXJoZWw4L21vZHVsZWZpbGVzL3hsX3IvMTYuMS4xLmx1YSIsWyJmdWxsTmFtZSJdPSJ4bF9yLzE2LjEuMSIsWyJsb2FkT3JkZXIiXT0xLHByb3BUPXt9LFsic3RhY2tEZXB0aCJdPTAsWyJzdGF0dXMiXT0iYWN0aXZlIixbInVzZXJOYW1l
++ export _ModuleTable002_
++ _ModuleTable003_=Il09InhsX3IiLH0sfSxtcGF0aEE9eyIvZ3Bmcy91L3NvZnR3YXJlL2Rjcy1yaGVsOC9tb2R1bGVmaWxlcy9kY3MtcmhlbDgvbW9kdWxlZmlsZXMvLnNwZWN0cnVtLW1waS8xMC40Ly5jdWRhLzExLjAiLCIvZ3Bmcy91L3NvZnR3YXJlL2Rjcy1yaGVsOC9tb2R1bGVmaWxlcy8uc3BlY3RydW0tbXBpLzEwLjQiLCIvZ3Bmcy91L3NvZnR3YXJlL2Rjcy1yaGVsOC9tb2R1bGVmaWxlcy8ueGxfci8xNi4xLjEiLCIvZ3Bmcy91L3NvZnR3YXJlL2Rjcy1yaGVsOC9tb2R1bGVmaWxlcyIsfSxbInN5c3RlbUJhc2VNUEFUSCJdPSIvZ3Bmcy91L3NvZnR3YXJlL2Rjcy1yaGVsOC9tb2R1bGVmaWxlcyIsfQ==
++ export _ModuleTable003_
++ _ModuleTable_Sz_=3
++ export _ModuleTable_Sz_
++ : -s sh
+ eval
+ CSV=./runs/1node.csv
+ OUTCSV=./results/1node.csv
+ mkdir -p logs
++ realpath ./max-cut
+ EXEC=/gpfs/u/scratch/PCPG/PCPGbmsn/PCP-Final-Project/max-cut
+ read header
+ echo nodes,ranks,seed,iterations,subiterations,graph_size,graph_file,communication_delay,time_result,cut_result
+ IFS=,
+ read -r nodes ranks seed iterations subiterations graph_size graph_file communication_delay
+ echo 'Running: nodes=1 ranks=4 seed=1'
++ mktemp
+ logfile=/tmp/tmp.obumNxvnn8
+ tee /tmp/tmp.obumNxvnn8
++ dirname /gpfs/u/scratch/PCPG/PCPGbmsn/PCP-Final-Project/max-cut
+ mpirun -np 4 /gpfs/u/scratch/PCPG/PCPGbmsn/PCP-Final-Project/max-cut 1 50 5 100 /gpfs/u/scratch/PCPG/PCPGbmsn/PCP-Final-Project/graphs/g05_100.0.matrix.1430 0
++ grep Time: /tmp/tmp.obumNxvnn8
++ tail -n1
++ sed -E 's/.*Time:[[:space:]]*//'
+ time_result=0.725522
++ grep 'Final max cut:' /tmp/tmp.obumNxvnn8
++ tail -n1
++ sed -E 's/.*Final max cut:[[:space:]]*//'
+ cut_result=1330
+ rm -f /tmp/tmp.obumNxvnn8
+ echo 1,4,1,50,5,100,graphs/g05_100.0.matrix.1430,0,0.725522,1330
+ IFS=,
+ read -r nodes ranks seed iterations subiterations graph_size graph_file communication_delay
+ echo 'Running: nodes=1 ranks=4 seed=2'
++ mktemp
+ logfile=/tmp/tmp.nPt1hnD5D9
+ tee /tmp/tmp.nPt1hnD5D9
++ dirname /gpfs/u/scratch/PCPG/PCPGbmsn/PCP-Final-Project/max-cut
+ mpirun -np 4 /gpfs/u/scratch/PCPG/PCPGbmsn/PCP-Final-Project/max-cut 2 50 5 100 /gpfs/u/scratch/PCPG/PCPGbmsn/PCP-Final-Project/graphs/g05_100.0.matrix.1430 0
++ grep Time: /tmp/tmp.nPt1hnD5D9
++ tail -n1
++ sed -E 's/.*Time:[[:space:]]*//'
+ time_result=0.689736
++ grep 'Final max cut:' /tmp/tmp.nPt1hnD5D9
++ tail -n1
++ sed -E 's/.*Final max cut:[[:space:]]*//'
+ cut_result=1337
+ rm -f /tmp/tmp.nPt1hnD5D9
+ echo 1,4,2,50,5,100,graphs/g05_100.0.matrix.1430,0,0.689736,1337
+ IFS=,
+ read -r nodes ranks seed iterations subiterations graph_size graph_file communication_delay
+ echo 'Running: nodes=1 ranks=4 seed=3'
++ mktemp
+ logfile=/tmp/tmp.yTqw1I1j5w
+ tee /tmp/tmp.yTqw1I1j5w
++ dirname /gpfs/u/scratch/PCPG/PCPGbmsn/PCP-Final-Project/max-cut
+ mpirun -np 4 /gpfs/u/scratch/PCPG/PCPGbmsn/PCP-Final-Project/max-cut 3 50 5 100 /gpfs/u/scratch/PCPG/PCPGbmsn/PCP-Final-Project/graphs/g05_100.0.matrix.1430 0
++ grep Time: /tmp/tmp.yTqw1I1j5w
++ tail -n1
++ sed -E 's/.*Time:[[:space:]]*//'
+ time_result=0.679478
++ grep 'Final max cut:' /tmp/tmp.yTqw1I1j5w
++ tail -n1
++ sed -E 's/.*Final max cut:[[:space:]]*//'
+ cut_result=1321
+ rm -f /tmp/tmp.yTqw1I1j5w
+ echo 1,4,3,50,5,100,graphs/g05_100.0.matrix.1430,0,0.679478,1321
+ IFS=,
+ read -r nodes ranks seed iterations subiterations graph_size graph_file communication_delay
