Running: nodes=1 ranks=4 seed=1
Rank 0: Broadcasting best state from rank 1 with cut 1256
Iteration 0: Best cut so far = 1256
Iteration 1: Best cut so far = 1295
Iteration 2: Best cut so far = 1310
Iteration 3: Best cut so far = 1325
Iteration 4: Best cut so far = 1325
Iteration 5: Best cut so far = 1325
Iteration 6: Best cut so far = 1325
Iteration 7: Best cut so far = 1325
Iteration 8: Best cut so far = 1325
Iteration 9: Best cut so far = 1325
Iteration 10: Best cut so far = 1330
Iteration 11: Best cut so far = 1330
Iteration 12: Best cut so far = 1330
Iteration 13: Best cut so far = 1330
Iteration 14: Best cut so far = 1330
Iteration 15: Best cut so far = 1330
Iteration 16: Best cut so far = 1330
Iteration 17: Best cut so far = 1330
Iteration 18: Best cut so far = 1330
Iteration 19: Best cut so far = 1330
Iteration 20: Best cut so far = 1330
Iteration 21: Best cut so far = 1330
Iteration 22: Best cut so far = 1330
Iteration 23: Best cut so far = 1330
Iteration 24: Best cut so far = 1330
Iteration 25: Best cut so far = 1330
Iteration 26: Best cut so far = 1330
Iteration 27: Best cut so far = 1330
Iteration 28: Best cut so far = 1330
Iteration 29: Best cut so far = 1330
Iteration 30: Best cut so far = 1330
Iteration 31: Best cut so far = 1330
Iteration 32: Best cut so far = 1330
Iteration 33: Best cut so far = 1330
Iteration 34: Best cut so far = 1330
Iteration 35: Best cut so far = 1330
Iteration 36: Best cut so far = 1330
Iteration 37: Best cut so far = 1330
Iteration 38: Best cut so far = 1330
Iteration 39: Best cut so far = 1330
Iteration 40: Best cut so far = 1330
Iteration 41: Best cut so far = 1330
Iteration 42: Best cut so far = 1330
Iteration 43: Best cut so far = 1330
Iteration 44: Best cut so far = 1330
Iteration 45: Best cut so far = 1330
Iteration 46: Best cut so far = 1330
Iteration 47: Best cut so far = 1330
Iteration 48: Best cut so far = 1330
Iteration 49: Best cut so far = 1330
Final max cut: 1330
(Thread 1645)
Time: 0.725522
Running: nodes=1 ranks=4 seed=2
Rank 0: Broadcasting best state from rank 3 with cut 1258
Iteration 0: Best cut so far = 1258
Iteration 1: Best cut so far = 1297
Iteration 2: Best cut so far = 1312
Iteration 3: Best cut so far = 1312
Iteration 4: Best cut so far = 1314
Iteration 5: Best cut so far = 1324
Iteration 6: Best cut so far = 1324
Iteration 7: Best cut so far = 1324
Iteration 8: Best cut so far = 1324
Iteration 9: Best cut so far = 1324
Iteration 10: Best cut so far = 1324
Iteration 11: Best cut so far = 1324
Iteration 12: Best cut so far = 1324
Iteration 13: Best cut so far = 1324
Iteration 14: Best cut so far = 1324
Iteration 15: Best cut so far = 1324
Iteration 16: Best cut so far = 1324
Iteration 17: Best cut so far = 1324
Iteration 18: Best cut so far = 1324
Iteration 19: Best cut so far = 1324
Iteration 20: Best cut so far = 1324
Iteration 21: Best cut so far = 1324
Iteration 22: Best cut so far = 1324
Iteration 23: Best cut so far = 1324
Iteration 24: Best cut so far = 1324
Iteration 25: Best cut so far = 1324
Iteration 26: Best cut so far = 1324
Iteration 27: Best cut so far = 1337
Iteration 28: Best cut so far = 1337
Iteration 29: Best cut so far = 1337
Iteration 30: Best cut so far = 1337
Iteration 31: Best cut so far = 1337
Iteration 32: Best cut so far = 1337
Iteration 33: Best cut so far = 1337
Iteration 34: Best cut so far = 1337
Iteration 35: Best cut so far = 1337
Iteration 36: Best cut so far = 1337
Iteration 37: Best cut so far = 1337
Iteration 38: Best cut so far = 1337
Iteration 39: Best cut so far = 1337
Iteration 40: Best cut so far = 1337
Iteration 41: Best cut so far = 1337
Iteration 42: Best cut so far = 1337
Iteration 43: Best cut so far = 1337
Iteration 44: Best cut so far = 1337
Iteration 45: Best cut so far = 1337
Iteration 46: Best cut so far = 1337
Iteration 47: Best cut so far = 1337
Iteration 48: Best cut so far = 1337
Iteration 49: Best cut so far = 1337
Final max cut: 1337
(Thread 395)
Time: 0.689736
Running: nodes=1 ranks=4 seed=3
Rank 0: Broadcasting best state from rank 2 with cut 1258
Iteration 0: Best cut so far = 1258
Iteration 1: Best cut so far = 1302
Iteration 2: Best cut so far = 1302
Iteration 3: Best cut so far = 1304
Iteration 4: Best cut so far = 1317
Iteration 5: Best cut so far = 1317
Iteration 6: Best cut so far = 1317
Iteration 7: Best cut so far = 1317
Iteration 8: Best cut so far = 1317
Iteration 9: Best cut so far = 1317
Iteration 10: Best cut so far = 1317
Iteration 11: Best cut so far = 1317
Iteration 12: Best cut so far = 1317
Iteration 13: Best cut so far = 1317
Iteration 14: Best cut so far = 1317
Iteration 15: Best cut so far = 1317
Iteration 16: Best cut so far = 1317
Iteration 17: Best cut so far = 1317
Iteration 18: Best cut so far = 1317
Iteration 19: Best cut so far = 1317
Iteration 20: Best cut so far = 1317
Iteration 21: Best cut so far = 1317
Iteration 22: Best cut so far = 1317
Iteration 23: Best cut so far = 1317
Iteration 24: Best cut so far = 1317
Iteration 25: Best cut so far = 1317
Iteration 26: Best cut so far = 1317
Iteration 27: Best cut so far = 1317
Iteration 28: Best cut so far = 1317
Iteration 29: Best cut so far = 1317
Iteration 30: Best cut so far = 1317
Iteration 31: Best cut so far = 1317
Iteration 32: Best cut so far = 1317
Iteration 33: Best cut so far = 1317
Iteration 34: Best cut so far = 1317
Iteration 35: Best cut so far = 1317
Iteration 36: Best cut so far = 1317
Iteration 37: Best cut so far = 1320
Iteration 38: Best cut so far = 1320
Iteration 39: Best cut so far = 1320
Iteration 40: Best cut so far = 1320
Iteration 41: Best cut so far = 1321
Iteration 42: Best cut so far = 1321
Iteration 43: Best cut so far = 1321
Iteration 44: Best cut so far = 1321
Iteration 45: Best cut so far = 1321
Iteration 46: Best cut so far = 1321
Iteration 47: Best cut so far = 1321
Iteration 48: Best cut so far = 1321
Iteration 49: Best cut so far = 1321
Final max cut: 1321
(Thread 243)
Time: 0.679478
