Running: nodes=1 ranks=4 seed=1
Rank 0: Broadcasting best state from rank 3 with cut 1338
Iteration 0: Best cut so far = 1338
Qstate: 0.51 0.50 0.50 0.51 0.49 0.51 0.51 0.49 0.52 0.51 0.51 0.51 0.52 0.49 0.48 0.49 0.49 0.51 0.46 0.49 0.51 0.51 0.52 0.51 0.51 0.51 0.49 0.51 0.51 0.51 0.51 0.51 
Iteration 2: Best cut so far = 1340
Qstate: 0.52 0.49 0.52 0.50 0.48 0.54 0.51 0.48 0.53 0.53 0.52 0.50 0.52 0.48 0.45 0.50 0.45 0.54 0.45 0.50 0.50 0.50 0.51 0.51 0.52 0.54 0.49 0.51 0.51 0.53 0.54 0.50 
Rank 0: Broadcasting best state from rank 2 with cut 1343
Iteration 4: Best cut so far = 1343
Qstate: 0.51 0.55 0.46 0.54 0.51 0.47 0.50 0.50 0.52 0.54 0.47 0.56 0.46 0.52 0.44 0.48 0.47 0.52 0.45 0.51 0.49 0.47 0.48 0.52 0.52 0.55 0.54 0.48 0.55 0.52 0.53 0.52 
Iteration 6: Best cut so far = 1344
Qstate: 0.50 0.58 0.48 0.55 0.50 0.44 0.51 0.49 0.51 0.55 0.45 0.58 0.44 0.52 0.42 0.45 0.48 0.55 0.41 0.49 0.48 0.48 0.44 0.52 0.49 0.57 0.57 0.46 0.56 0.56 0.52 0.54 
Rank 0: Broadcasting best state from rank 0 with cut 1346
Iteration 8: Best cut so far = 1346
Qstate: 0.50 0.63 0.46 0.58 0.50 0.42 0.49 0.52 0.52 0.56 0.44 0.53 0.38 0.54 0.37 0.40 0.46 0.58 0.39 0.48 0.45 0.49 0.41 0.52 0.49 0.60 0.62 0.40 0.54 0.57 0.54 0.54 
Iteration 10: Best cut so far = 1349
Qstate: 0.50 0.66 0.46 0.61 0.51 0.44 0.47 0.52 0.54 0.55 0.42 0.52 0.32 0.58 0.34 0.37 0.44 0.62 0.34 0.45 0.41 0.47 0.40 0.54 0.48 0.63 0.64 0.35 0.55 0.57 0.60 0.58 
Rank 0: Broadcasting best state from rank 1 with cut 1367
Iteration 12: Best cut so far = 1367
Qstate: 0.42 0.72 0.47 0.67 0.54 0.37 0.49 0.47 0.55 0.58 0.39 0.54 0.27 0.62 0.27 0.29 0.40 0.64 0.32 0.43 0.37 0.46 0.31 0.58 0.43 0.66 0.66 0.28 0.59 0.64 0.60 0.62 
Iteration 14: Best cut so far = 1384
Qstate: 0.36 0.76 0.44 0.72 0.58 0.35 0.46 0.46 0.54 0.60 0.34 0.55 0.23 0.67 0.23 0.26 0.34 0.66 0.30 0.41 0.31 0.43 0.26 0.62 0.38 0.71 0.67 0.23 0.60 0.65 0.63 0.65 
Rank 0: Broadcasting best state from rank 3 with cut 1390
Iteration 16: Best cut so far = 1390
Qstate: 0.38 0.80 0.43 0.76 0.60 0.32 0.44 0.50 0.49 0.65 0.35 0.58 0.19 0.70 0.18 0.25 0.33 0.70 0.25 0.34 0.31 0.47 0.22 0.63 0.33 0.72 0.71 0.20 0.57 0.66 0.69 0.71 
Iteration 18: Best cut so far = 1391
Qstate: 0.33 0.84 0.38 0.79 0.62 0.26 0.41 0.50 0.51 0.67 0.31 0.62 0.15 0.75 0.15 0.23 0.29 0.75 0.21 0.29 0.28 0.46 0.20 0.65 0.29 0.74 0.75 0.17 0.54 0.67 0.73 0.74 
Rank 0: Broadcasting best state from rank 1 with cut 1399
Iteration 20: Best cut so far = 1399
Qstate: 0.30 0.87 0.36 0.83 0.69 0.24 0.37 0.49 0.51 0.75 0.28 0.60 0.12 0.78 0.12 0.19 0.23 0.78 0.18 0.25 0.23 0.48 0.14 0.71 0.25 0.79 0.76 0.14 0.58 0.72 0.74 0.80 
Iteration 22: Best cut so far = 1405
Qstate: 0.25 0.90 0.33 0.84 0.74 0.21 0.35 0.48 0.48 0.78 0.22 0.66 0.10 0.82 0.10 0.17 0.18 0.82 0.15 0.20 0.19 0.47 0.12 0.73 0.22 0.83 0.80 0.11 0.59 0.77 0.78 0.84 
Rank 0: Broadcasting best state from rank 0 with cut 1417
Iteration 24: Best cut so far = 1417
Qstate: 0.20 0.92 0.28 0.87 0.78 0.17 0.32 0.50 0.45 0.82 0.19 0.72 0.08 0.85 0.08 0.13 0.16 0.85 0.12 0.18 0.16 0.49 0.09 0.77 0.18 0.85 0.83 0.09 0.61 0.80 0.77 0.87 
Iteration 26: Best cut so far = 1418
Qstate: 0.16 0.93 0.23 0.90 0.82 0.14 0.30 0.54 0.44 0.85 0.17 0.77 0.06 0.88 0.06 0.11 0.13 0.87 0.10 0.14 0.13 0.51 0.08 0.81 0.15 0.88 0.87 0.08 0.58 0.82 0.81 0.89 
Rank 0: Broadcasting best state from rank 3 with cut 1423
Iteration 28: Best cut so far = 1423
Qstate: 0.13 0.94 0.18 0.91 0.85 0.11 0.25 0.51 0.36 0.88 0.13 0.80 0.05 0.90 0.05 0.10 0.11 0.90 0.08 0.12 0.10 0.54 0.06 0.85 0.13 0.90 0.89 0.06 0.62 0.86 0.78 0.91 
Iteration 30: Best cut so far = 1424
Qstate: 0.11 0.95 0.15 0.93 0.88 0.09 0.20 0.50 0.29 0.90 0.10 0.84 0.04 0.92 0.04 0.08 0.09 0.92 0.06 0.09 0.08 0.59 0.05 0.88 0.10 0.92 0.91 0.05 0.60 0.88 0.81 0.93 
Rank 0: Broadcasting best state from rank 3 with cut 1426
Iteration 32: Best cut so far = 1426
Qstate: 0.09 0.96 0.12 0.94 0.90 0.07 0.16 0.50 0.24 0.92 0.08 0.87 0.03 0.94 0.03 0.07 0.07 0.94 0.05 0.08 0.07 0.59 0.04 0.90 0.08 0.93 0.93 0.04 0.56 0.91 0.79 0.94 
Iteration 34: Best cut so far = 1427
Qstate: 0.07 0.97 0.10 0.95 0.92 0.06 0.13 0.51 0.20 0.94 0.07 0.90 0.03 0.95 0.03 0.06 0.06 0.95 0.04 0.06 0.05 0.67 0.03 0.92 0.07 0.95 0.94 0.03 0.46 0.92 0.82 0.95 
Rank 0: Broadcasting best state from rank 3 with cut 1427
Iteration 36: Best cut so far = 1427
Qstate: 0.06 0.98 0.08 0.96 0.94 0.05 0.11 0.58 0.16 0.95 0.05 0.92 0.02 0.96 0.02 0.04 0.05 0.96 0.03 0.05 0.04 0.72 0.03 0.93 0.05 0.96 0.95 0.03 0.38 0.94 0.85 0.96 
Iteration 38: Best cut so far = 1427
Qstate: 0.05 0.98 0.06 0.97 0.95 0.04 0.09 0.66 0.13 0.96 0.04 0.93 0.02 0.97 0.02 0.04 0.04 0.97 0.03 0.04 0.04 0.77 0.02 0.95 0.04 0.97 0.96 0.02 0.31 0.95 0.88 0.97 
Rank 0: Broadcasting best state from rank 3 with cut 1427
Iteration 40: Best cut so far = 1427
Qstate: 0.04 0.98 0.05 0.97 0.96 0.03 0.07 0.72 0.10 0.97 0.04 0.94 0.01 0.97 0.01 0.03 0.03 0.97 0.02 0.03 0.03 0.82 0.02 0.96 0.04 0.97 0.97 0.02 0.25 0.96 0.90 0.98 
Iteration 42: Best cut so far = 1427
Qstate: 0.03 0.99 0.04 0.98 0.97 0.03 0.06 0.77 0.08 0.97 0.03 0.96 0.01 0.98 0.01 0.02 0.03 0.98 0.02 0.03 0.02 0.85 0.01 0.96 0.03 0.98 0.98 0.01 0.20 0.97 0.92 0.98 
Rank 0: Broadcasting best state from rank 3 with cut 1427
Iteration 44: Best cut so far = 1427
Qstate: 0.02 0.99 0.03 0.98 0.97 0.02 0.05 0.82 0.07 0.98 0.02 0.96 0.01 0.98 0.01 0.02 0.02 0.98 0.01 0.02 0.02 0.88 0.01 0.97 0.02 0.98 0.98 0.01 0.16 0.97 0.94 0.98 
Iteration 46: Best cut so far = 1427
Qstate: 0.02 0.99 0.03 0.99 0.98 0.02 0.04 0.85 0.06 0.98 0.02 0.97 0.01 0.99 0.01 0.02 0.02 0.99 0.01 0.02 0.02 0.90 0.01 0.98 0.02 0.99 0.98 0.01 0.13 0.98 0.95 0.99 
Rank 0: Broadcasting best state from rank 3 with cut 1427
Iteration 48: Best cut so far = 1427
Qstate: 0.02 0.99 0.02 0.99 0.98 0.01 0.03 0.88 0.04 0.99 0.02 0.98 0.01 0.99 0.01 0.01 0.01 0.99 0.01 0.01 0.01 0.92 0.01 0.98 0.02 0.99 0.99 0.01 0.11 0.98 0.96 0.99 
Iteration 50: Best cut so far = 1427
Qstate: 0.01 0.99 0.02 0.99 0.99 0.01 0.02 0.90 0.04 0.99 0.01 0.98 0.01 0.99 0.01 0.01 0.01 0.99 0.01 0.01 0.01 0.94 0.01 0.98 0.01 0.99 0.99 0.01 0.09 0.99 0.97 0.99 
Rank 0: Broadcasting best state from rank 3 with cut 1427
Iteration 52: Best cut so far = 1427
Qstate: 0.01 0.99 0.01 0.99 0.99 0.01 0.02 0.92 0.03 0.99 0.01 0.98 0.01 0.99 0.01 0.01 0.01 0.99 0.01 0.01 0.01 0.95 0.01 0.99 0.01 0.99 0.99 0.01 0.07 0.99 0.97 0.99 
Iteration 54: Best cut so far = 1427
Qstate: 0.01 0.99 0.01 0.99 0.99 0.01 0.02 0.94 0.02 0.99 0.01 0.99 0.01 0.99 0.01 0.01 0.01 0.99 0.01 0.01 0.01 0.96 0.01 0.99 0.01 0.99 0.99 0.01 0.06 0.99 0.98 0.99 
Rank 0: Broadcasting best state from rank 3 with cut 1427
Iteration 56: Best cut so far = 1427
Qstate: 0.01 0.99 0.01 0.99 0.99 0.01 0.01 0.95 0.02 0.99 0.01 0.99 0.01 0.99 0.01 0.01 0.01 0.99 0.01 0.01 0.01 0.97 0.01 0.99 0.01 0.99 0.99 0.01 0.05 0.99 0.98 0.99 
Iteration 58: Best cut so far = 1427
Qstate: 0.01 0.99 0.01 0.99 0.99 0.01 0.01 0.96 0.02 0.99 0.01 0.99 0.01 0.99 0.01 0.01 0.01 0.99 0.01 0.01 0.01 0.97 0.01 0.99 0.01 0.99 0.99 0.01 0.04 0.99 0.99 0.99 
Rank 0: Broadcasting best state from rank 3 with cut 1427
Iteration 60: Best cut so far = 1427
Qstate: 0.01 0.99 0.01 0.99 0.99 0.01 0.01 0.97 0.01 0.99 0.01 0.99 0.01 0.99 0.01 0.01 0.01 0.99 0.01 0.01 0.01 0.98 0.01 0.99 0.01 0.99 0.99 0.01 0.03 0.99 0.99 0.99 
Iteration 62: Best cut so far = 1427
Qstate: 0.01 0.99 0.01 0.99 0.99 0.01 0.01 0.97 0.01 0.99 0.01 0.99 0.01 0.99 0.01 0.01 0.01 0.99 0.01 0.01 0.01 0.98 0.01 0.99 0.01 0.99 0.99 0.01 0.02 0.99 0.99 0.99 
Rank 0: Broadcasting best state from rank 3 with cut 1427
Iteration 64: Best cut so far = 1427
Qstate: 0.01 0.99 0.01 0.99 0.99 0.01 0.01 0.98 0.01 0.99 0.01 0.99 0.01 0.99 0.01 0.01 0.01 0.99 0.01 0.01 0.01 0.99 0.01 0.99 0.01 0.99 0.99 0.01 0.02 0.99 0.99 0.99 
Iteration 66: Best cut so far = 1427
Qstate: 0.01 0.99 0.01 0.99 0.99 0.01 0.01 0.98 0.01 0.99 0.01 0.99 0.01 0.99 0.01 0.01 0.01 0.99 0.01 0.01 0.01 0.99 0.01 0.99 0.01 0.99 0.99 0.01 0.02 0.99 0.99 0.99 
Rank 0: Broadcasting best state from rank 3 with cut 1427
Iteration 68: Best cut so far = 1427
Qstate: 0.01 0.99 0.01 0.99 0.99 0.01 0.01 0.99 0.01 0.99 0.01 0.99 0.01 0.99 0.01 0.01 0.01 0.99 0.01 0.01 0.01 0.99 0.01 0.99 0.01 0.99 0.99 0.01 0.01 0.99 0.99 0.99 
Iteration 70: Best cut so far = 1427
Qstate: 0.01 0.99 0.01 0.99 0.99 0.01 0.01 0.99 0.01 0.99 0.01 0.99 0.01 0.99 0.01 0.01 0.01 0.99 0.01 0.01 0.01 0.99 0.01 0.99 0.01 0.99 0.99 0.01 0.01 0.99 0.99 0.99 
Rank 0: Broadcasting best state from rank 3 with cut 1427
Iteration 72: Best cut so far = 1427
Qstate: 0.01 0.99 0.01 0.99 0.99 0.01 0.01 0.99 0.01 0.99 0.01 0.99 0.01 0.99 0.01 0.01 0.01 0.99 0.01 0.01 0.01 0.99 0.01 0.99 0.01 0.99 0.99 0.01 0.01 0.99 0.99 0.99 
Iteration 74: Best cut so far = 1427
Qstate: 0.01 0.99 0.01 0.99 0.99 0.01 0.01 0.99 0.01 0.99 0.01 0.99 0.01 0.99 0.01 0.01 0.01 0.99 0.01 0.01 0.01 0.99 0.01 0.99 0.01 0.99 0.99 0.01 0.01 0.99 0.99 0.99 
Rank 0: Broadcasting best state from rank 3 with cut 1427
Iteration 76: Best cut so far = 1427
Qstate: 0.01 0.99 0.01 0.99 0.99 0.01 0.01 0.99 0.01 0.99 0.01 0.99 0.01 0.99 0.01 0.01 0.01 0.99 0.01 0.01 0.01 0.99 0.01 0.99 0.01 0.99 0.99 0.01 0.01 0.99 0.99 0.99 
Iteration 78: Best cut so far = 1427
Qstate: 0.01 0.99 0.01 0.99 0.99 0.01 0.01 0.99 0.01 0.99 0.01 0.99 0.01 0.99 0.01 0.01 0.01 0.99 0.01 0.01 0.01 0.99 0.01 0.99 0.01 0.99 0.99 0.01 0.01 0.99 0.99 0.99 
Rank 0: Broadcasting best state from rank 3 with cut 1427
Iteration 80: Best cut so far = 1427
Qstate: 0.01 0.99 0.01 0.99 0.99 0.01 0.01 0.99 0.01 0.99 0.01 0.99 0.01 0.99 0.01 0.01 0.01 0.99 0.01 0.01 0.01 0.99 0.01 0.99 0.01 0.99 0.99 0.01 0.01 0.99 0.99 0.99 
Iteration 82: Best cut so far = 1427
Qstate: 0.01 0.99 0.01 0.99 0.99 0.01 0.01 0.99 0.01 0.99 0.01 0.99 0.01 0.99 0.01 0.01 0.01 0.99 0.01 0.01 0.01 0.99 0.01 0.99 0.01 0.99 0.99 0.01 0.01 0.99 0.99 0.99 
Rank 0: Broadcasting best state from rank 3 with cut 1427
Iteration 84: Best cut so far = 1427
Qstate: 0.01 0.99 0.01 0.99 0.99 0.01 0.01 0.99 0.01 0.99 0.01 0.99 0.01 0.99 0.01 0.01 0.01 0.99 0.01 0.01 0.01 0.99 0.01 0.99 0.01 0.99 0.99 0.01 0.01 0.99 0.99 0.99 
Iteration 86: Best cut so far = 1427
Qstate: 0.01 0.99 0.01 0.99 0.99 0.01 0.01 0.99 0.01 0.99 0.01 0.99 0.01 0.99 0.01 0.01 0.01 0.99 0.01 0.01 0.01 0.99 0.01 0.99 0.01 0.99 0.99 0.01 0.01 0.99 0.99 0.99 
Rank 0: Broadcasting best state from rank 3 with cut 1427
Iteration 88: Best cut so far = 1427
Qstate: 0.01 0.99 0.01 0.99 0.99 0.01 0.01 0.99 0.01 0.99 0.01 0.99 0.01 0.99 0.01 0.01 0.01 0.99 0.01 0.01 0.01 0.99 0.01 0.99 0.01 0.99 0.99 0.01 0.01 0.99 0.99 0.99 
Iteration 90: Best cut so far = 1427
Qstate: 0.01 0.99 0.01 0.99 0.99 0.01 0.01 0.99 0.01 0.99 0.01 0.99 0.01 0.99 0.01 0.01 0.01 0.99 0.01 0.01 0.01 0.99 0.01 0.99 0.01 0.99 0.99 0.01 0.01 0.99 0.99 0.99 
Rank 0: Broadcasting best state from rank 3 with cut 1427
Iteration 92: Best cut so far = 1427
Qstate: 0.01 0.99 0.01 0.99 0.99 0.01 0.01 0.99 0.01 0.99 0.01 0.99 0.01 0.99 0.01 0.01 0.01 0.99 0.01 0.01 0.01 0.99 0.01 0.99 0.01 0.99 0.99 0.01 0.01 0.99 0.99 0.99 
Iteration 94: Best cut so far = 1427
Qstate: 0.01 0.99 0.01 0.99 0.99 0.01 0.01 0.99 0.01 0.99 0.01 0.99 0.01 0.99 0.01 0.01 0.01 0.99 0.01 0.01 0.01 0.99 0.01 0.99 0.01 0.99 0.99 0.01 0.01 0.99 0.99 0.99 
Rank 0: Broadcasting best state from rank 3 with cut 1427
Iteration 96: Best cut so far = 1427
Qstate: 0.01 0.99 0.01 0.99 0.99 0.01 0.01 0.99 0.01 0.99 0.01 0.99 0.01 0.99 0.01 0.01 0.01 0.99 0.01 0.01 0.01 0.99 0.01 0.99 0.01 0.99 0.99 0.01 0.01 0.99 0.99 0.99 
Iteration 98: Best cut so far = 1427
Qstate: 0.01 0.99 0.01 0.99 0.99 0.01 0.01 0.99 0.01 0.99 0.01 0.99 0.01 0.99 0.01 0.01 0.01 0.99 0.01 0.01 0.01 0.99 0.01 0.99 0.01 0.99 0.99 0.01 0.01 0.99 0.99 0.99 
Rank 0: Broadcasting best state from rank 3 with cut 1427
Iteration 100: Best cut so far = 1427
Qstate: 0.01 0.99 0.01 0.99 0.99 0.01 0.01 0.99 0.01 0.99 0.01 0.99 0.01 0.99 0.01 0.01 0.01 0.99 0.01 0.01 0.01 0.99 0.01 0.99 0.01 0.99 0.99 0.01 0.01 0.99 0.99 0.99 
Iteration 102: Best cut so far = 1427
Qstate: 0.01 0.99 0.01 0.99 0.99 0.01 0.01 0.99 0.01 0.99 0.01 0.99 0.01 0.99 0.01 0.01 0.01 0.99 0.01 0.01 0.01 0.99 0.01 0.99 0.01 0.99 0.99 0.01 0.01 0.99 0.99 0.99 
Rank 0: Broadcasting best state from rank 3 with cut 1427
Iteration 104: Best cut so far = 1427
Qstate: 0.01 0.99 0.01 0.99 0.99 0.01 0.01 0.99 0.01 0.99 0.01 0.99 0.01 0.99 0.01 0.01 0.01 0.99 0.01 0.01 0.01 0.99 0.01 0.99 0.01 0.99 0.99 0.01 0.01 0.99 0.99 0.99 
Iteration 106: Best cut so far = 1427
Qstate: 0.01 0.99 0.01 0.99 0.99 0.01 0.01 0.99 0.01 0.99 0.01 0.99 0.01 0.99 0.01 0.01 0.01 0.99 0.01 0.01 0.01 0.99 0.01 0.99 0.01 0.99 0.99 0.01 0.01 0.99 0.99 0.99 
Rank 0: Broadcasting best state from rank 3 with cut 1427
Iteration 108: Best cut so far = 1427
Qstate: 0.01 0.99 0.01 0.99 0.99 0.01 0.01 0.99 0.01 0.99 0.01 0.99 0.01 0.99 0.01 0.01 0.01 0.99 0.01 0.01 0.01 0.99 0.01 0.99 0.01 0.99 0.99 0.01 0.01 0.99 0.99 0.99 
Iteration 110: Best cut so far = 1427
Qstate: 0.01 0.99 0.01 0.99 0.99 0.01 0.01 0.99 0.01 0.99 0.01 0.99 0.01 0.99 0.01 0.01 0.01 0.99 0.01 0.01 0.01 0.99 0.01 0.99 0.01 0.99 0.99 0.01 0.01 0.99 0.99 0.99 
Rank 0: Broadcasting best state from rank 3 with cut 1427
Iteration 112: Best cut so far = 1427
Qstate: 0.01 0.99 0.01 0.99 0.99 0.01 0.01 0.99 0.01 0.99 0.01 0.99 0.01 0.99 0.01 0.01 0.01 0.99 0.01 0.01 0.01 0.99 0.01 0.99 0.01 0.99 0.99 0.01 0.01 0.99 0.99 0.99 
Iteration 114: Best cut so far = 1427
Qstate: 0.01 0.99 0.01 0.99 0.99 0.01 0.01 0.99 0.01 0.99 0.01 0.99 0.01 0.99 0.01 0.01 0.01 0.99 0.01 0.01 0.01 0.99 0.01 0.99 0.01 0.99 0.99 0.01 0.01 0.99 0.99 0.99 
Rank 0: Broadcasting best state from rank 3 with cut 1427
Iteration 116: Best cut so far = 1427
Qstate: 0.01 0.99 0.01 0.99 0.99 0.01 0.01 0.99 0.01 0.99 0.01 0.99 0.01 0.99 0.01 0.01 0.01 0.99 0.01 0.01 0.01 0.99 0.01 0.99 0.01 0.99 0.99 0.01 0.01 0.99 0.99 0.99 
Iteration 118: Best cut so far = 1427
Qstate: 0.01 0.99 0.01 0.99 0.99 0.01 0.01 0.99 0.01 0.99 0.01 0.99 0.01 0.99 0.01 0.01 0.01 0.99 0.01 0.01 0.01 0.99 0.01 0.99 0.01 0.99 0.99 0.01 0.01 0.99 0.99 0.99 
Rank 0: Broadcasting best state from rank 3 with cut 1427
Iteration 120: Best cut so far = 1427
Qstate: 0.01 0.99 0.01 0.99 0.99 0.01 0.01 0.99 0.01 0.99 0.01 0.99 0.01 0.99 0.01 0.01 0.01 0.99 0.01 0.01 0.01 0.99 0.01 0.99 0.01 0.99 0.99 0.01 0.01 0.99 0.99 0.99 
Iteration 122: Best cut so far = 1427
Qstate: 0.01 0.99 0.01 0.99 0.99 0.01 0.01 0.99 0.01 0.99 0.01 0.99 0.01 0.99 0.01 0.01 0.01 0.99 0.01 0.01 0.01 0.99 0.01 0.99 0.01 0.99 0.99 0.01 0.01 0.99 0.99 0.99 
Rank 0: Broadcasting best state from rank 3 with cut 1427
Iteration 124: Best cut so far = 1427
Qstate: 0.01 0.99 0.01 0.99 0.99 0.01 0.01 0.99 0.01 0.99 0.01 0.99 0.01 0.99 0.01 0.01 0.01 0.99 0.01 0.01 0.01 0.99 0.01 0.99 0.01 0.99 0.99 0.01 0.01 0.99 0.99 0.99 
Iteration 126: Best cut so far = 1427
Qstate: 0.01 0.99 0.01 0.99 0.99 0.01 0.01 0.99 0.01 0.99 0.01 0.99 0.01 0.99 0.01 0.01 0.01 0.99 0.01 0.01 0.01 0.99 0.01 0.99 0.01 0.99 0.99 0.01 0.01 0.99 0.99 0.99 
Final max cut: 1427
Total checked: 2147483648
Per iteration: 16777216
Per global sync: 67108864
(Thread 129259)
Time: 9.055178
Final Qstate:
0.01000 0.99000 0.01000 0.99000 0.99000 0.01000 0.01000 0.99000 0.01000 0.99000 0.01000 0.99000 0.01000 0.99000 0.01000 0.01000 0.01000 0.99000 0.01000 0.01000 0.01000 0.99000 0.01000 0.99000 0.01000 0.99000 0.99000 0.01000 0.01000 0.99000 0.99000 0.99000 0.99000 0.99000 0.01000 0.99000 0.99000 0.01000 0.99000 0.01000 0.01000 0.01000 0.99000 0.01000 0.99000 0.01000 0.99000 0.01000 0.01000 0.99000 0.01000 0.01000 0.01000 0.01000 0.01000 0.01000 0.99000 0.01000 0.99000 0.99000 0.01000 0.99000 0.99000 0.99000 0.01000 0.99000 0.99000 0.99000 0.99000 0.99000 0.01000 0.99000 0.01000 0.01000 0.01000 0.99000 0.99000 0.01000 0.99000 0.99000 0.01000 0.01000 0.99000 0.99000 0.01000 0.01000 0.99000 0.01000 0.99000 0.99000 0.99000 0.01000 0.99000 0.99000 0.01000 0.01000 0.99000 0.01000 0.99000 0.01000 0.73603 0.54404 0.58692 0.69095 0.45463 0.78244 0.48550 0.41774 0.43724 0.23243 0.49211 0.37196 0.32523 0.57986 0.33177 0.68189 0.53295 0.43668 0.53405 0.62012 0.60939 0.64662 0.50661 0.66679 0.69044 0.40173 0.38111 0.26688 
Running: nodes=1 ranks=4 seed=1
Rank 0: Broadcasting best state from rank 0 with cut 505
Iteration 0: Best cut so far = 505
Qstate: 0.52 0.48 0.51 0.51 0.47 0.50 0.51 0.49 0.47 0.51 0.50 0.51 0.46 0.51 0.48 0.51 0.50 0.50 0.50 0.52 0.49 0.49 0.50 0.51 0.52 0.52 0.48 0.51 0.49 0.51 0.51 0.51 
Iteration 2: Best cut so far = 508
Qstate: 0.51 0.48 0.52 0.53 0.49 0.53 0.50 0.51 0.47 0.56 0.51 0.53 0.45 0.50 0.51 0.46 0.51 0.47 0.48 0.55 0.47 0.48 0.50 0.50 0.52 0.53 0.45 0.51 0.46 0.52 0.53 0.49 
Rank 0: Broadcasting best state from rank 3 with cut 510
Iteration 4: Best cut so far = 510
Qstate: 0.59 0.38 0.51 0.57 0.40 0.42 0.57 0.41 0.41 0.47 0.55 0.50 0.47 0.59 0.36 0.42 0.57 0.46 0.44 0.63 0.43 0.50 0.45 0.54 0.61 0.64 0.56 0.58 0.55 0.57 0.50 0.62 
Iteration 6: Best cut so far = 516
Qstate: 0.64 0.31 0.52 0.60 0.36 0.39 0.60 0.34 0.41 0.44 0.61 0.52 0.49 0.64 0.29 0.38 0.64 0.44 0.40 0.67 0.40 0.48 0.43 0.59 0.68 0.70 0.61 0.65 0.59 0.61 0.49 0.67 
Rank 0: Broadcasting best state from rank 1 with cut 522
Iteration 8: Best cut so far = 522
Qstate: 0.70 0.25 0.51 0.64 0.33 0.35 0.69 0.28 0.39 0.46 0.69 0.47 0.51 0.68 0.23 0.33 0.70 0.39 0.41 0.71 0.42 0.47 0.49 0.64 0.74 0.75 0.66 0.69 0.67 0.69 0.40 0.71 
Iteration 10: Best cut so far = 528
Qstate: 0.76 0.20 0.51 0.67 0.28 0.29 0.74 0.23 0.38 0.45 0.75 0.42 0.58 0.74 0.19 0.28 0.75 0.34 0.37 0.76 0.37 0.45 0.54 0.68 0.79 0.79 0.72 0.75 0.72 0.75 0.34 0.76 
Rank 0: Broadcasting best state from rank 1 with cut 530
Iteration 12: Best cut so far = 530
Qstate: 0.80 0.16 0.47 0.69 0.24 0.26 0.78 0.18 0.36 0.38 0.79 0.43 0.58 0.78 0.15 0.24 0.80 0.31 0.33 0.80 0.36 0.43 0.57 0.71 0.83 0.82 0.76 0.79 0.77 0.78 0.28 0.80 
Iteration 14: Best cut so far = 534
Qstate: 0.84 0.13 0.43 0.73 0.19 0.21 0.82 0.15 0.33 0.33 0.83 0.37 0.66 0.82 0.12 0.20 0.84 0.26 0.30 0.84 0.32 0.46 0.63 0.77 0.86 0.85 0.81 0.82 0.81 0.82 0.23 0.84 
Rank 0: Broadcasting best state from rank 3 with cut 536
Iteration 16: Best cut so far = 536
Qstate: 0.87 0.11 0.36 0.77 0.16 0.17 0.86 0.12 0.32 0.28 0.86 0.32 0.71 0.86 0.10 0.19 0.87 0.21 0.23 0.87 0.32 0.46 0.65 0.81 0.89 0.88 0.84 0.86 0.85 0.86 0.19 0.87 
Iteration 18: Best cut so far = 536
Qstate: 0.89 0.09 0.29 0.80 0.13 0.14 0.88 0.10 0.27 0.23 0.89 0.26 0.76 0.88 0.08 0.15 0.89 0.17 0.19 0.90 0.27 0.55 0.69 0.84 0.91 0.90 0.87 0.88 0.88 0.88 0.15 0.89 
Rank 0: Broadcasting best state from rank 3 with cut 536
Iteration 20: Best cut so far = 536
Qstate: 0.91 0.07 0.23 0.84 0.10 0.11 0.91 0.08 0.23 0.18 0.91 0.21 0.81 0.91 0.07 0.13 0.91 0.14 0.15 0.92 0.22 0.61 0.77 0.87 0.93 0.92 0.90 0.91 0.90 0.91 0.12 0.91 
Iteration 22: Best cut so far = 536
Qstate: 0.93 0.06 0.19 0.87 0.08 0.09 0.92 0.06 0.18 0.15 0.93 0.17 0.84 0.92 0.05 0.10 0.93 0.11 0.12 0.93 0.18 0.69 0.81 0.90 0.94 0.94 0.92 0.92 0.92 0.92 0.10 0.93 
Rank 0: Broadcasting best state from rank 3 with cut 536
Iteration 24: Best cut so far = 536
Qstate: 0.94 0.05 0.15 0.90 0.07 0.07 0.94 0.05 0.15 0.12 0.94 0.14 0.87 0.94 0.04 0.08 0.94 0.09 0.10 0.94 0.14 0.75 0.85 0.92 0.95 0.95 0.93 0.94 0.94 0.94 0.08 0.94 
Iteration 26: Best cut so far = 536
Qstate: 0.95 0.04 0.12 0.92 0.05 0.06 0.95 0.04 0.12 0.10 0.95 0.11 0.90 0.95 0.04 0.07 0.95 0.07 0.08 0.95 0.12 0.79 0.88 0.93 0.96 0.96 0.95 0.95 0.95 0.95 0.07 0.95 
Rank 0: Broadcasting best state from rank 3 with cut 536
Iteration 28: Best cut so far = 536
Qstate: 0.96 0.03 0.10 0.93 0.04 0.05 0.96 0.03 0.10 0.08 0.96 0.09 0.92 0.96 0.03 0.05 0.96 0.06 0.07 0.96 0.10 0.83 0.90 0.95 0.97 0.97 0.96 0.96 0.96 0.96 0.05 0.96 
Iteration 30: Best cut so far = 536
Qstate: 0.97 0.02 0.08 0.95 0.04 0.04 0.97 0.03 0.08 0.06 0.97 0.07 0.93 0.97 0.02 0.04 0.97 0.05 0.05 0.97 0.08 0.87 0.92 0.96 0.97 0.97 0.96 0.97 0.97 0.97 0.04 0.97 
Rank 0: Broadcasting best state from rank 3 with cut 536
Iteration 32: Best cut so far = 536
Qstate: 0.98 0.02 0.07 0.96 0.03 0.03 0.97 0.02 0.06 0.05 0.97 0.06 0.95 0.97 0.02 0.04 0.98 0.04 0.04 0.98 0.06 0.89 0.93 0.96 0.98 0.98 0.97 0.97 0.97 0.97 0.04 0.98 
Iteration 34: Best cut so far = 536
Qstate: 0.98 0.02 0.05 0.96 0.02 0.03 0.98 0.02 0.05 0.04 0.98 0.05 0.96 0.98 0.02 0.03 0.98 0.03 0.03 0.98 0.05 0.91 0.95 0.97 0.98 0.98 0.98 0.98 0.98 0.98 0.03 0.98 
Rank 0: Broadcasting best state from rank 3 with cut 536
Iteration 36: Best cut so far = 536
Qstate: 0.98 0.01 0.04 0.97 0.02 0.02 0.98 0.01 0.04 0.03 0.98 0.04 0.96 0.98 0.01 0.02 0.98 0.03 0.03 0.98 0.04 0.93 0.96 0.98 0.99 0.99 0.98 0.98 0.98 0.98 0.02 0.98 
Iteration 38: Best cut so far = 536
Qstate: 0.99 0.01 0.03 0.98 0.02 0.02 0.99 0.01 0.03 0.03 0.99 0.03 0.97 0.99 0.01 0.02 0.99 0.02 0.02 0.99 0.03 0.94 0.97 0.98 0.99 0.99 0.98 0.99 0.99 0.99 0.02 0.99 
Rank 0: Broadcasting best state from rank 3 with cut 536
Iteration 40: Best cut so far = 536
Qstate: 0.99 0.01 0.03 0.98 0.01 0.01 0.99 0.01 0.03 0.02 0.99 0.03 0.98 0.99 0.01 0.02 0.99 0.02 0.02 0.99 0.03 0.95 0.97 0.98 0.99 0.99 0.99 0.99 0.99 0.99 0.02 0.99 
Iteration 42: Best cut so far = 536
Qstate: 0.99 0.01 0.02 0.98 0.01 0.01 0.99 0.01 0.02 0.02 0.99 0.02 0.98 0.99 0.01 0.01 0.99 0.01 0.01 0.99 0.02 0.96 0.98 0.99 0.99 0.99 0.99 0.99 0.99 0.99 0.01 0.99 
Rank 0: Broadcasting best state from rank 3 with cut 536
Iteration 44: Best cut so far = 536
Qstate: 0.99 0.01 0.02 0.99 0.01 0.01 0.99 0.01 0.02 0.01 0.99 0.02 0.98 0.99 0.01 0.01 0.99 0.01 0.01 0.99 0.02 0.97 0.98 0.99 0.99 0.99 0.99 0.99 0.99 0.99 0.01 0.99 
Iteration 46: Best cut so far = 536
Qstate: 0.99 0.01 0.02 0.99 0.01 0.01 0.99 0.01 0.01 0.01 0.99 0.01 0.99 0.99 0.01 0.01 0.99 0.01 0.01 0.99 0.01 0.98 0.99 0.99 0.99 0.99 0.99 0.99 0.99 0.99 0.01 0.99 
Rank 0: Broadcasting best state from rank 3 with cut 536
Iteration 48: Best cut so far = 536
Qstate: 0.99 0.01 0.01 0.99 0.01 0.01 0.99 0.01 0.01 0.01 0.99 0.01 0.99 0.99 0.01 0.01 0.99 0.01 0.01 0.99 0.01 0.98 0.99 0.99 0.99 0.99 0.99 0.99 0.99 0.99 0.01 0.99 
Iteration 50: Best cut so far = 536
Qstate: 0.99 0.01 0.01 0.99 0.01 0.01 0.99 0.01 0.01 0.01 0.99 0.01 0.99 0.99 0.01 0.01 0.99 0.01 0.01 0.99 0.01 0.98 0.99 0.99 0.99 0.99 0.99 0.99 0.99 0.99 0.01 0.99 
Rank 0: Broadcasting best state from rank 3 with cut 536
Iteration 52: Best cut so far = 536
Qstate: 0.99 0.01 0.01 0.99 0.01 0.01 0.99 0.01 0.01 0.01 0.99 0.01 0.99 0.99 0.01 0.01 0.99 0.01 0.01 0.99 0.01 0.99 0.99 0.99 0.99 0.99 0.99 0.99 0.99 0.99 0.01 0.99 
Iteration 54: Best cut so far = 536
Qstate: 0.99 0.01 0.01 0.99 0.01 0.01 0.99 0.01 0.01 0.01 0.99 0.01 0.99 0.99 0.01 0.01 0.99 0.01 0.01 0.99 0.01 0.99 0.99 0.99 0.99 0.99 0.99 0.99 0.99 0.99 0.01 0.99 
Rank 0: Broadcasting best state from rank 3 with cut 536
Iteration 56: Best cut so far = 536
Qstate: 0.99 0.01 0.01 0.99 0.01 0.01 0.99 0.01 0.01 0.01 0.99 0.01 0.99 0.99 0.01 0.01 0.99 0.01 0.01 0.99 0.01 0.99 0.99 0.99 0.99 0.99 0.99 0.99 0.99 0.99 0.01 0.99 
Iteration 58: Best cut so far = 536
Qstate: 0.99 0.01 0.01 0.99 0.01 0.01 0.99 0.01 0.01 0.01 0.99 0.01 0.99 0.99 0.01 0.01 0.99 0.01 0.01 0.99 0.01 0.99 0.99 0.99 0.99 0.99 0.99 0.99 0.99 0.99 0.01 0.99 
Rank 0: Broadcasting best state from rank 3 with cut 536
Iteration 60: Best cut so far = 536
Qstate: 0.99 0.01 0.01 0.99 0.01 0.01 0.99 0.01 0.01 0.01 0.99 0.01 0.99 0.99 0.01 0.01 0.99 0.01 0.01 0.99 0.01 0.99 0.99 0.99 0.99 0.99 0.99 0.99 0.99 0.99 0.01 0.99 
Iteration 62: Best cut so far = 536
Qstate: 0.99 0.01 0.01 0.99 0.01 0.01 0.99 0.01 0.01 0.01 0.99 0.01 0.99 0.99 0.01 0.01 0.99 0.01 0.01 0.99 0.01 0.99 0.99 0.99 0.99 0.99 0.99 0.99 0.99 0.99 0.01 0.99 
Rank 0: Broadcasting best state from rank 3 with cut 536
Iteration 64: Best cut so far = 536
Qstate: 0.99 0.01 0.01 0.99 0.01 0.01 0.99 0.01 0.01 0.01 0.99 0.01 0.99 0.99 0.01 0.01 0.99 0.01 0.01 0.99 0.01 0.99 0.99 0.99 0.99 0.99 0.99 0.99 0.99 0.99 0.01 0.99 
Iteration 66: Best cut so far = 536
Qstate: 0.99 0.01 0.01 0.99 0.01 0.01 0.99 0.01 0.01 0.01 0.99 0.01 0.99 0.99 0.01 0.01 0.99 0.01 0.01 0.99 0.01 0.99 0.99 0.99 0.99 0.99 0.99 0.99 0.99 0.99 0.01 0.99 
Rank 0: Broadcasting best state from rank 3 with cut 536
Iteration 68: Best cut so far = 536
Qstate: 0.99 0.01 0.01 0.99 0.01 0.01 0.99 0.01 0.01 0.01 0.99 0.01 0.99 0.99 0.01 0.01 0.99 0.01 0.01 0.99 0.01 0.99 0.99 0.99 0.99 0.99 0.99 0.99 0.99 0.99 0.01 0.99 
Iteration 70: Best cut so far = 536
Qstate: 0.99 0.01 0.01 0.99 0.01 0.01 0.99 0.01 0.01 0.01 0.99 0.01 0.99 0.99 0.01 0.01 0.99 0.01 0.01 0.99 0.01 0.99 0.99 0.99 0.99 0.99 0.99 0.99 0.99 0.99 0.01 0.99 
Rank 0: Broadcasting best state from rank 3 with cut 536
Iteration 72: Best cut so far = 536
Qstate: 0.99 0.01 0.01 0.99 0.01 0.01 0.99 0.01 0.01 0.01 0.99 0.01 0.99 0.99 0.01 0.01 0.99 0.01 0.01 0.99 0.01 0.99 0.99 0.99 0.99 0.99 0.99 0.99 0.99 0.99 0.01 0.99 
Iteration 74: Best cut so far = 536
Qstate: 0.99 0.01 0.01 0.99 0.01 0.01 0.99 0.01 0.01 0.01 0.99 0.01 0.99 0.99 0.01 0.01 0.99 0.01 0.01 0.99 0.01 0.99 0.99 0.99 0.99 0.99 0.99 0.99 0.99 0.99 0.01 0.99 
Rank 0: Broadcasting best state from rank 3 with cut 536
Iteration 76: Best cut so far = 536
Qstate: 0.99 0.01 0.01 0.99 0.01 0.01 0.99 0.01 0.01 0.01 0.99 0.01 0.99 0.99 0.01 0.01 0.99 0.01 0.01 0.99 0.01 0.99 0.99 0.99 0.99 0.99 0.99 0.99 0.99 0.99 0.01 0.99 
Iteration 78: Best cut so far = 536
Qstate: 0.99 0.01 0.01 0.99 0.01 0.01 0.99 0.01 0.01 0.01 0.99 0.01 0.99 0.99 0.01 0.01 0.99 0.01 0.01 0.99 0.01 0.99 0.99 0.99 0.99 0.99 0.99 0.99 0.99 0.99 0.01 0.99 
Rank 0: Broadcasting best state from rank 3 with cut 536
Iteration 80: Best cut so far = 536
Qstate: 0.99 0.01 0.01 0.99 0.01 0.01 0.99 0.01 0.01 0.01 0.99 0.01 0.99 0.99 0.01 0.01 0.99 0.01 0.01 0.99 0.01 0.99 0.99 0.99 0.99 0.99 0.99 0.99 0.99 0.99 0.01 0.99 
Iteration 82: Best cut so far = 536
Qstate: 0.99 0.01 0.01 0.99 0.01 0.01 0.99 0.01 0.01 0.01 0.99 0.01 0.99 0.99 0.01 0.01 0.99 0.01 0.01 0.99 0.01 0.99 0.99 0.99 0.99 0.99 0.99 0.99 0.99 0.99 0.01 0.99 
Rank 0: Broadcasting best state from rank 3 with cut 536
Iteration 84: Best cut so far = 536
Qstate: 0.99 0.01 0.01 0.99 0.01 0.01 0.99 0.01 0.01 0.01 0.99 0.01 0.99 0.99 0.01 0.01 0.99 0.01 0.01 0.99 0.01 0.99 0.99 0.99 0.99 0.99 0.99 0.99 0.99 0.99 0.01 0.99 
Iteration 86: Best cut so far = 536
Qstate: 0.99 0.01 0.01 0.99 0.01 0.01 0.99 0.01 0.01 0.01 0.99 0.01 0.99 0.99 0.01 0.01 0.99 0.01 0.01 0.99 0.01 0.99 0.99 0.99 0.99 0.99 0.99 0.99 0.99 0.99 0.01 0.99 
Rank 0: Broadcasting best state from rank 3 with cut 536
Iteration 88: Best cut so far = 536
Qstate: 0.99 0.01 0.01 0.99 0.01 0.01 0.99 0.01 0.01 0.01 0.99 0.01 0.99 0.99 0.01 0.01 0.99 0.01 0.01 0.99 0.01 0.99 0.99 0.99 0.99 0.99 0.99 0.99 0.99 0.99 0.01 0.99 
Iteration 90: Best cut so far = 536
Qstate: 0.99 0.01 0.01 0.99 0.01 0.01 0.99 0.01 0.01 0.01 0.99 0.01 0.99 0.99 0.01 0.01 0.99 0.01 0.01 0.99 0.01 0.99 0.99 0.99 0.99 0.99 0.99 0.99 0.99 0.99 0.01 0.99 
Rank 0: Broadcasting best state from rank 3 with cut 536
Iteration 92: Best cut so far = 536
Qstate: 0.99 0.01 0.01 0.99 0.01 0.01 0.99 0.01 0.01 0.01 0.99 0.01 0.99 0.99 0.01 0.01 0.99 0.01 0.01 0.99 0.01 0.99 0.99 0.99 0.99 0.99 0.99 0.99 0.99 0.99 0.01 0.99 
Iteration 94: Best cut so far = 536
Qstate: 0.99 0.01 0.01 0.99 0.01 0.01 0.99 0.01 0.01 0.01 0.99 0.01 0.99 0.99 0.01 0.01 0.99 0.01 0.01 0.99 0.01 0.99 0.99 0.99 0.99 0.99 0.99 0.99 0.99 0.99 0.01 0.99 
Rank 0: Broadcasting best state from rank 3 with cut 536
Iteration 96: Best cut so far = 536
Qstate: 0.99 0.01 0.01 0.99 0.01 0.01 0.99 0.01 0.01 0.01 0.99 0.01 0.99 0.99 0.01 0.01 0.99 0.01 0.01 0.99 0.01 0.99 0.99 0.99 0.99 0.99 0.99 0.99 0.99 0.99 0.01 0.99 
Iteration 98: Best cut so far = 536
Qstate: 0.99 0.01 0.01 0.99 0.01 0.01 0.99 0.01 0.01 0.01 0.99 0.01 0.99 0.99 0.01 0.01 0.99 0.01 0.01 0.99 0.01 0.99 0.99 0.99 0.99 0.99 0.99 0.99 0.99 0.99 0.01 0.99 
Rank 0: Broadcasting best state from rank 3 with cut 536
Iteration 100: Best cut so far = 536
Qstate: 0.99 0.01 0.01 0.99 0.01 0.01 0.99 0.01 0.01 0.01 0.99 0.01 0.99 0.99 0.01 0.01 0.99 0.01 0.01 0.99 0.01 0.99 0.99 0.99 0.99 0.99 0.99 0.99 0.99 0.99 0.01 0.99 
Iteration 102: Best cut so far = 536
Qstate: 0.99 0.01 0.01 0.99 0.01 0.01 0.99 0.01 0.01 0.01 0.99 0.01 0.99 0.99 0.01 0.01 0.99 0.01 0.01 0.99 0.01 0.99 0.99 0.99 0.99 0.99 0.99 0.99 0.99 0.99 0.01 0.99 
Rank 0: Broadcasting best state from rank 3 with cut 536
Iteration 104: Best cut so far = 536
Qstate: 0.99 0.01 0.01 0.99 0.01 0.01 0.99 0.01 0.01 0.01 0.99 0.01 0.99 0.99 0.01 0.01 0.99 0.01 0.01 0.99 0.01 0.99 0.99 0.99 0.99 0.99 0.99 0.99 0.99 0.99 0.01 0.99 
Iteration 106: Best cut so far = 536
Qstate: 0.99 0.01 0.01 0.99 0.01 0.01 0.99 0.01 0.01 0.01 0.99 0.01 0.99 0.99 0.01 0.01 0.99 0.01 0.01 0.99 0.01 0.99 0.99 0.99 0.99 0.99 0.99 0.99 0.99 0.99 0.01 0.99 
Rank 0: Broadcasting best state from rank 3 with cut 536
Iteration 108: Best cut so far = 536
Qstate: 0.99 0.01 0.01 0.99 0.01 0.01 0.99 0.01 0.01 0.01 0.99 0.01 0.99 0.99 0.01 0.01 0.99 0.01 0.01 0.99 0.01 0.99 0.99 0.99 0.99 0.99 0.99 0.99 0.99 0.99 0.01 0.99 
Iteration 110: Best cut so far = 536
Qstate: 0.99 0.01 0.01 0.99 0.01 0.01 0.99 0.01 0.01 0.01 0.99 0.01 0.99 0.99 0.01 0.01 0.99 0.01 0.01 0.99 0.01 0.99 0.99 0.99 0.99 0.99 0.99 0.99 0.99 0.99 0.01 0.99 
Rank 0: Broadcasting best state from rank 3 with cut 536
Iteration 112: Best cut so far = 536
Qstate: 0.99 0.01 0.01 0.99 0.01 0.01 0.99 0.01 0.01 0.01 0.99 0.01 0.99 0.99 0.01 0.01 0.99 0.01 0.01 0.99 0.01 0.99 0.99 0.99 0.99 0.99 0.99 0.99 0.99 0.99 0.01 0.99 
Iteration 114: Best cut so far = 536
Qstate: 0.99 0.01 0.01 0.99 0.01 0.01 0.99 0.01 0.01 0.01 0.99 0.01 0.99 0.99 0.01 0.01 0.99 0.01 0.01 0.99 0.01 0.99 0.99 0.99 0.99 0.99 0.99 0.99 0.99 0.99 0.01 0.99 
Rank 0: Broadcasting best state from rank 3 with cut 536
Iteration 116: Best cut so far = 536
Qstate: 0.99 0.01 0.01 0.99 0.01 0.01 0.99 0.01 0.01 0.01 0.99 0.01 0.99 0.99 0.01 0.01 0.99 0.01 0.01 0.99 0.01 0.99 0.99 0.99 0.99 0.99 0.99 0.99 0.99 0.99 0.01 0.99 
Iteration 118: Best cut so far = 536
Qstate: 0.99 0.01 0.01 0.99 0.01 0.01 0.99 0.01 0.01 0.01 0.99 0.01 0.99 0.99 0.01 0.01 0.99 0.01 0.01 0.99 0.01 0.99 0.99 0.99 0.99 0.99 0.99 0.99 0.99 0.99 0.01 0.99 
Rank 0: Broadcasting best state from rank 3 with cut 536
Iteration 120: Best cut so far = 536
Qstate: 0.99 0.01 0.01 0.99 0.01 0.01 0.99 0.01 0.01 0.01 0.99 0.01 0.99 0.99 0.01 0.01 0.99 0.01 0.01 0.99 0.01 0.99 0.99 0.99 0.99 0.99 0.99 0.99 0.99 0.99 0.01 0.99 
Iteration 122: Best cut so far = 536
Qstate: 0.99 0.01 0.01 0.99 0.01 0.01 0.99 0.01 0.01 0.01 0.99 0.01 0.99 0.99 0.01 0.01 0.99 0.01 0.01 0.99 0.01 0.99 0.99 0.99 0.99 0.99 0.99 0.99 0.99 0.99 0.01 0.99 
Rank 0: Broadcasting best state from rank 3 with cut 536
Iteration 124: Best cut so far = 536
Qstate: 0.99 0.01 0.01 0.99 0.01 0.01 0.99 0.01 0.01 0.01 0.99 0.01 0.99 0.99 0.01 0.01 0.99 0.01 0.01 0.99 0.01 0.99 0.99 0.99 0.99 0.99 0.99 0.99 0.99 0.99 0.01 0.99 
Iteration 126: Best cut so far = 536
Qstate: 0.99 0.01 0.01 0.99 0.01 0.01 0.99 0.01 0.01 0.01 0.99 0.01 0.99 0.99 0.01 0.01 0.99 0.01 0.01 0.99 0.01 0.99 0.99 0.99 0.99 0.99 0.99 0.99 0.99 0.99 0.01 0.99 
Final max cut: 536
Total checked: 2147483648
Per iteration: 16777216
Per global sync: 67108864
(Thread 836376)
Time: 6.100018
Final Qstate:
0.99000 0.01000 0.01000 0.99000 0.01000 0.01000 0.99000 0.01000 0.01000 0.01000 0.99000 0.01000 0.99000 0.99000 0.01000 0.01000 0.99000 0.01000 0.01000 0.99000 0.01000 0.99000 0.99000 0.99000 0.99000 0.99000 0.99000 0.99000 0.99000 0.99000 0.01000 0.99000 0.99000 0.99000 0.99000 0.99000 0.99000 0.01000 0.01000 0.99000 0.01000 0.99000 0.99000 0.01000 0.99000 0.85998 0.99000 0.01000 0.01000 0.01000 0.01000 0.99000 0.01000 0.76751 0.99000 0.01000 0.01000 0.01000 0.01000 0.01000 0.36651 0.84246 0.57814 0.61577 
