Running: nodes=8 ranks=32 seed=1
Rank 0: Broadcasting best state from rank 25 with cut 9981
Iteration 0: Best cut so far = 9981
Qstate: 0.51 0.49 0.52 0.50 0.50 0.47 0.50 0.50 0.50 0.51 0.49 0.49 0.50 0.51 0.50 0.51 0.53 0.52 0.49 0.49 0.51 0.49 0.49 0.51 0.49 0.51 0.49 0.51 0.51 0.51 0.49 0.49 
Rank 0: Broadcasting best state from rank 31 with cut 9981
Rank 0: Broadcasting best state from rank 30 with cut 9986
Rank 0: Broadcasting best state from rank 20 with cut 10048
Rank 0: Broadcasting best state from rank 31 with cut 10048
Rank 0: Broadcasting best state from rank 31 with cut 10048
Rank 0: Broadcasting best state from rank 31 with cut 10048
Rank 0: Broadcasting best state from rank 31 with cut 10048
Iteration 30: Best cut so far = 10048
Qstate: 0.46 0.36 0.48 0.47 0.45 0.65 0.55 0.56 0.45 0.52 0.54 0.56 0.48 0.32 0.55 0.58 0.44 0.53 0.41 0.68 0.46 0.62 0.50 0.51 0.56 0.47 0.38 0.35 0.54 0.50 0.41 0.63 
Rank 0: Broadcasting best state from rank 27 with cut 10060
Rank 0: Broadcasting best state from rank 31 with cut 10083
Rank 0: Broadcasting best state from rank 7 with cut 10098
Rank 0: Broadcasting best state from rank 24 with cut 10154
Rank 0: Broadcasting best state from rank 26 with cut 10200
Rank 0: Broadcasting best state from rank 5 with cut 10250
Rank 0: Broadcasting best state from rank 5 with cut 10310
Rank 0: Broadcasting best state from rank 7 with cut 10399
Iteration 60: Best cut so far = 10399
Qstate: 0.55 0.22 0.12 0.41 0.28 0.65 0.58 0.47 0.43 0.72 0.32 0.34 0.56 0.12 0.70 0.84 0.34 0.63 0.42 0.86 0.17 0.67 0.36 0.65 0.39 0.51 0.15 0.11 0.66 0.50 0.37 0.82 
Rank 0: Broadcasting best state from rank 22 with cut 10450
Rank 0: Broadcasting best state from rank 22 with cut 10527
Rank 0: Broadcasting best state from rank 1 with cut 10591
Rank 0: Broadcasting best state from rank 15 with cut 10663
Rank 0: Broadcasting best state from rank 16 with cut 10757
Rank 0: Broadcasting best state from rank 27 with cut 10789
Rank 0: Broadcasting best state from rank 18 with cut 10865
Iteration 90: Best cut so far = 10865
Qstate: 0.42 0.06 0.05 0.54 0.16 0.70 0.72 0.18 0.38 0.91 0.18 0.14 0.85 0.03 0.85 0.93 0.10 0.83 0.43 0.96 0.05 0.76 0.24 0.68 0.19 0.65 0.04 0.04 0.61 0.35 0.16 0.94 
Rank 0: Broadcasting best state from rank 20 with cut 10929
Rank 0: Broadcasting best state from rank 3 with cut 10982
Rank 0: Broadcasting best state from rank 8 with cut 11037
Rank 0: Broadcasting best state from rank 5 with cut 11108
Rank 0: Broadcasting best state from rank 29 with cut 11139
Rank 0: Broadcasting best state from rank 25 with cut 11169
Rank 0: Broadcasting best state from rank 29 with cut 11219
Rank 0: Broadcasting best state from rank 29 with cut 11251
Iteration 120: Best cut so far = 11251
Qstate: 0.32 0.01 0.01 0.67 0.07 0.61 0.78 0.03 0.42 0.99 0.03 0.04 0.98 0.01 0.98 0.99 0.04 0.96 0.77 0.99 0.01 0.88 0.07 0.69 0.03 0.81 0.01 0.01 0.72 0.05 0.04 0.98 
Rank 0: Broadcasting best state from rank 9 with cut 11277
Rank 0: Broadcasting best state from rank 15 with cut 11306
Rank 0: Broadcasting best state from rank 31 with cut 11320
Rank 0: Broadcasting best state from rank 23 with cut 11344
Rank 0: Broadcasting best state from rank 4 with cut 11363
Rank 0: Broadcasting best state from rank 29 with cut 11372
Rank 0: Broadcasting best state from rank 6 with cut 11380
Iteration 150: Best cut so far = 11380
Qstate: 0.06 0.01 0.01 0.88 0.01 0.20 0.74 0.01 0.26 0.99 0.01 0.01 0.99 0.01 0.99 0.99 0.01 0.99 0.97 0.99 0.01 0.99 0.01 0.65 0.01 0.98 0.01 0.01 0.90 0.01 0.01 0.99 
Rank 0: Broadcasting best state from rank 1 with cut 11392
Rank 0: Broadcasting best state from rank 29 with cut 11400
Rank 0: Broadcasting best state from rank 18 with cut 11404
Rank 0: Broadcasting best state from rank 15 with cut 11414
Rank 0: Broadcasting best state from rank 23 with cut 11418
Rank 0: Broadcasting best state from rank 30 with cut 11421
Rank 0: Broadcasting best state from rank 25 with cut 11426
Rank 0: Broadcasting best state from rank 24 with cut 11433
Iteration 180: Best cut so far = 11433
Qstate: 0.01 0.01 0.01 0.98 0.01 0.15 0.92 0.01 0.45 0.99 0.01 0.01 0.99 0.01 0.99 0.99 0.02 0.99 0.99 0.99 0.01 0.99 0.01 0.10 0.01 0.99 0.01 0.01 0.99 0.01 0.01 0.99 
Rank 0: Broadcasting best state from rank 2 with cut 11435
Rank 0: Broadcasting best state from rank 9 with cut 11439
Rank 0: Broadcasting best state from rank 23 with cut 11441
Rank 0: Broadcasting best state from rank 3 with cut 11444
Rank 0: Broadcasting best state from rank 24 with cut 11447
Rank 0: Broadcasting best state from rank 21 with cut 11448
Rank 0: Broadcasting best state from rank 27 with cut 11451
Iteration 210: Best cut so far = 11451
Qstate: 0.01 0.01 0.01 0.99 0.01 0.05 0.99 0.01 0.96 0.99 0.01 0.01 0.99 0.01 0.99 0.99 0.01 0.99 0.99 0.99 0.01 0.99 0.01 0.01 0.01 0.99 0.01 0.01 0.99 0.01 0.01 0.99 
Rank 0: Broadcasting best state from rank 26 with cut 11453
Rank 0: Broadcasting best state from rank 31 with cut 11454
Rank 0: Broadcasting best state from rank 15 with cut 11457
Rank 0: Broadcasting best state from rank 23 with cut 11459
Rank 0: Broadcasting best state from rank 31 with cut 11460
Rank 0: Broadcasting best state from rank 31 with cut 11460
Rank 0: Broadcasting best state from rank 27 with cut 11461
Rank 0: Broadcasting best state from rank 31 with cut 11461
Iteration 240: Best cut so far = 11461
Qstate: 0.01 0.01 0.01 0.99 0.01 0.01 0.99 0.01 0.99 0.99 0.01 0.01 0.99 0.01 0.99 0.99 0.01 0.99 0.99 0.99 0.01 0.99 0.01 0.01 0.01 0.99 0.01 0.01 0.99 0.01 0.01 0.99 
Rank 0: Broadcasting best state from rank 31 with cut 11461
Rank 0: Broadcasting best state from rank 29 with cut 11462
Rank 0: Broadcasting best state from rank 31 with cut 11462
Rank 0: Broadcasting best state from rank 31 with cut 11462
Rank 0: Broadcasting best state from rank 21 with cut 11463
Rank 0: Broadcasting best state from rank 31 with cut 11463
Rank 0: Broadcasting best state from rank 31 with cut 11464
Iteration 270: Best cut so far = 11464
Qstate: 0.01 0.01 0.01 0.99 0.01 0.01 0.99 0.01 0.99 0.99 0.01 0.01 0.99 0.01 0.99 0.99 0.01 0.99 0.99 0.99 0.01 0.99 0.01 0.01 0.01 0.99 0.01 0.01 0.99 0.01 0.01 0.99 
Rank 0: Broadcasting best state from rank 30 with cut 11465
Rank 0: Broadcasting best state from rank 31 with cut 11465
Rank 0: Broadcasting best state from rank 23 with cut 11466
Rank 0: Broadcasting best state from rank 31 with cut 11466
Rank 0: Broadcasting best state from rank 25 with cut 11467
Rank 0: Broadcasting best state from rank 15 with cut 11469
Rank 0: Broadcasting best state from rank 31 with cut 11469
Rank 0: Broadcasting best state from rank 5 with cut 11471
Iteration 300: Best cut so far = 11471
Qstate: 0.01 0.01 0.01 0.99 0.01 0.01 0.99 0.01 0.99 0.99 0.01 0.01 0.99 0.01 0.99 0.99 0.01 0.99 0.99 0.99 0.01 0.99 0.01 0.01 0.01 0.99 0.01 0.01 0.99 0.01 0.01 0.99 
Rank 0: Broadcasting best state from rank 14 with cut 11473
Rank 0: Broadcasting best state from rank 31 with cut 11473
Rank 0: Broadcasting best state from rank 30 with cut 11476
Rank 0: Broadcasting best state from rank 26 with cut 11479
Rank 0: Broadcasting best state from rank 6 with cut 11483
Rank 0: Broadcasting best state from rank 19 with cut 11484
Rank 0: Broadcasting best state from rank 29 with cut 11486
Iteration 330: Best cut so far = 11486
Qstate: 0.01 0.01 0.01 0.99 0.01 0.01 0.99 0.01 0.99 0.99 0.01 0.01 0.99 0.01 0.99 0.99 0.01 0.99 0.99 0.99 0.01 0.99 0.01 0.01 0.01 0.99 0.01 0.01 0.27 0.01 0.01 0.99 
Rank 0: Broadcasting best state from rank 27 with cut 11487
Rank 0: Broadcasting best state from rank 22 with cut 11490
Rank 0: Broadcasting best state from rank 30 with cut 11491
Rank 0: Broadcasting best state from rank 27 with cut 11492
Rank 0: Broadcasting best state from rank 18 with cut 11493
Rank 0: Broadcasting best state from rank 31 with cut 11493
Rank 0: Broadcasting best state from rank 31 with cut 11493
Rank 0: Broadcasting best state from rank 31 with cut 11493
Iteration 360: Best cut so far = 11493
Qstate: 0.01 0.01 0.01 0.99 0.01 0.05 0.99 0.01 0.99 0.99 0.01 0.01 0.99 0.01 0.99 0.99 0.01 0.99 0.99 0.99 0.01 0.99 0.01 0.01 0.01 0.99 0.01 0.01 0.01 0.01 0.01 0.99 
Rank 0: Broadcasting best state from rank 31 with cut 11493
Rank 0: Broadcasting best state from rank 19 with cut 11494
Rank 0: Broadcasting best state from rank 31 with cut 11494
Rank 0: Broadcasting best state from rank 31 with cut 11494
Rank 0: Broadcasting best state from rank 31 with cut 11494
Rank 0: Broadcasting best state from rank 31 with cut 11494
Rank 0: Broadcasting best state from rank 31 with cut 11494
Iteration 390: Best cut so far = 11494
Qstate: 0.01 0.01 0.01 0.99 0.01 0.95 0.99 0.01 0.99 0.99 0.01 0.01 0.99 0.01 0.99 0.99 0.01 0.99 0.99 0.99 0.01 0.99 0.01 0.01 0.01 0.99 0.01 0.01 0.01 0.01 0.01 0.99 
Rank 0: Broadcasting best state from rank 31 with cut 11494
Rank 0: Broadcasting best state from rank 31 with cut 11494
Rank 0: Broadcasting best state from rank 31 with cut 11494
Rank 0: Broadcasting best state from rank 31 with cut 11494
Rank 0: Broadcasting best state from rank 31 with cut 11494
Rank 0: Broadcasting best state from rank 31 with cut 11494
Rank 0: Broadcasting best state from rank 31 with cut 11494
Rank 0: Broadcasting best state from rank 31 with cut 11494
Iteration 420: Best cut so far = 11494
Qstate: 0.01 0.01 0.01 0.99 0.01 0.99 0.99 0.01 0.99 0.99 0.01 0.01 0.99 0.01 0.99 0.99 0.01 0.99 0.99 0.99 0.01 0.99 0.01 0.01 0.01 0.99 0.01 0.01 0.01 0.01 0.01 0.99 
Rank 0: Broadcasting best state from rank 31 with cut 11494
Rank 0: Broadcasting best state from rank 31 with cut 11494
Rank 0: Broadcasting best state from rank 31 with cut 11494
Rank 0: Broadcasting best state from rank 21 with cut 11495
Rank 0: Broadcasting best state from rank 31 with cut 11495
Rank 0: Broadcasting best state from rank 31 with cut 11495
Rank 0: Broadcasting best state from rank 31 with cut 11495
Iteration 450: Best cut so far = 11495
Qstate: 0.01 0.01 0.01 0.99 0.01 0.99 0.99 0.01 0.99 0.99 0.01 0.01 0.99 0.01 0.99 0.99 0.01 0.99 0.99 0.99 0.01 0.99 0.01 0.01 0.01 0.99 0.01 0.01 0.01 0.01 0.01 0.99 
Rank 0: Broadcasting best state from rank 31 with cut 11495
Rank 0: Broadcasting best state from rank 31 with cut 11495
Rank 0: Broadcasting best state from rank 31 with cut 11495
Rank 0: Broadcasting best state from rank 31 with cut 11495
Rank 0: Broadcasting best state from rank 31 with cut 11495
Rank 0: Broadcasting best state from rank 31 with cut 11495
Rank 0: Broadcasting best state from rank 31 with cut 11495
Rank 0: Broadcasting best state from rank 31 with cut 11495
Iteration 480: Best cut so far = 11495
Qstate: 0.01 0.01 0.01 0.99 0.01 0.99 0.99 0.01 0.99 0.99 0.01 0.01 0.99 0.01 0.99 0.99 0.01 0.99 0.99 0.99 0.01 0.99 0.01 0.01 0.01 0.99 0.01 0.01 0.01 0.01 0.01 0.99 
Rank 0: Broadcasting best state from rank 31 with cut 11495
Rank 0: Broadcasting best state from rank 31 with cut 11495
Rank 0: Broadcasting best state from rank 31 with cut 11495
Rank 0: Broadcasting best state from rank 31 with cut 11495
Rank 0: Broadcasting best state from rank 31 with cut 11495
Rank 0: Broadcasting best state from rank 31 with cut 11495
Rank 0: Broadcasting best state from rank 31 with cut 11495
Iteration 510: Best cut so far = 11495
Qstate: 0.01 0.01 0.01 0.99 0.01 0.99 0.99 0.01 0.99 0.99 0.01 0.01 0.99 0.01 0.99 0.99 0.01 0.99 0.99 0.99 0.01 0.99 0.01 0.01 0.01 0.99 0.01 0.01 0.01 0.01 0.01 0.99 
Rank 0: Broadcasting best state from rank 31 with cut 11495
Rank 0: Broadcasting best state from rank 31 with cut 11495
Rank 0: Broadcasting best state from rank 31 with cut 11495
Rank 0: Broadcasting best state from rank 31 with cut 11495
Rank 0: Broadcasting best state from rank 31 with cut 11495
Rank 0: Broadcasting best state from rank 31 with cut 11495
Rank 0: Broadcasting best state from rank 31 with cut 11495
Rank 0: Broadcasting best state from rank 31 with cut 11495
Iteration 540: Best cut so far = 11495
Qstate: 0.01 0.01 0.01 0.99 0.01 0.99 0.99 0.01 0.99 0.99 0.01 0.01 0.99 0.01 0.99 0.99 0.01 0.99 0.99 0.99 0.01 0.99 0.01 0.01 0.01 0.99 0.01 0.01 0.01 0.01 0.01 0.99 
Rank 0: Broadcasting best state from rank 31 with cut 11495
Rank 0: Broadcasting best state from rank 31 with cut 11495
Rank 0: Broadcasting best state from rank 31 with cut 11495
Rank 0: Broadcasting best state from rank 31 with cut 11495
Rank 0: Broadcasting best state from rank 31 with cut 11495
Rank 0: Broadcasting best state from rank 31 with cut 11495
Rank 0: Broadcasting best state from rank 31 with cut 11495
Iteration 570: Best cut so far = 11495
Qstate: 0.01 0.01 0.01 0.99 0.01 0.99 0.99 0.01 0.99 0.99 0.01 0.01 0.99 0.01 0.99 0.99 0.01 0.99 0.99 0.99 0.01 0.99 0.01 0.01 0.01 0.99 0.01 0.01 0.01 0.01 0.01 0.99 
Rank 0: Broadcasting best state from rank 31 with cut 11495
Rank 0: Broadcasting best state from rank 31 with cut 11495
Rank 0: Broadcasting best state from rank 31 with cut 11495
Rank 0: Broadcasting best state from rank 31 with cut 11495
Rank 0: Broadcasting best state from rank 31 with cut 11495
Rank 0: Broadcasting best state from rank 31 with cut 11495
Rank 0: Broadcasting best state from rank 31 with cut 11495
Rank 0: Broadcasting best state from rank 31 with cut 11495
Iteration 600: Best cut so far = 11495
Qstate: 0.01 0.01 0.01 0.99 0.01 0.99 0.99 0.01 0.99 0.99 0.01 0.01 0.99 0.01 0.99 0.99 0.01 0.99 0.99 0.99 0.01 0.99 0.01 0.01 0.01 0.99 0.01 0.01 0.01 0.01 0.01 0.99 
Rank 0: Broadcasting best state from rank 31 with cut 11495
Rank 0: Broadcasting best state from rank 31 with cut 11495
Rank 0: Broadcasting best state from rank 31 with cut 11495
Rank 0: Broadcasting best state from rank 31 with cut 11495
Rank 0: Broadcasting best state from rank 31 with cut 11495
Rank 0: Broadcasting best state from rank 31 with cut 11495
Rank 0: Broadcasting best state from rank 31 with cut 11495
Iteration 630: Best cut so far = 11495
Qstate: 0.01 0.01 0.01 0.99 0.01 0.99 0.99 0.01 0.99 0.99 0.01 0.01 0.99 0.01 0.99 0.99 0.01 0.99 0.99 0.99 0.01 0.99 0.01 0.01 0.01 0.99 0.01 0.01 0.01 0.01 0.01 0.99 
Rank 0: Broadcasting best state from rank 31 with cut 11495
Rank 0: Broadcasting best state from rank 31 with cut 11495
Rank 0: Broadcasting best state from rank 31 with cut 11495
Rank 0: Broadcasting best state from rank 31 with cut 11495
Rank 0: Broadcasting best state from rank 31 with cut 11495
Rank 0: Broadcasting best state from rank 31 with cut 11495
Rank 0: Broadcasting best state from rank 31 with cut 11495
Rank 0: Broadcasting best state from rank 31 with cut 11495
Iteration 660: Best cut so far = 11495
Qstate: 0.01 0.01 0.01 0.99 0.01 0.99 0.99 0.01 0.99 0.99 0.01 0.01 0.99 0.01 0.99 0.99 0.01 0.99 0.99 0.99 0.01 0.99 0.01 0.01 0.01 0.99 0.01 0.01 0.01 0.01 0.01 0.99 
Rank 0: Broadcasting best state from rank 31 with cut 11495
Rank 0: Broadcasting best state from rank 31 with cut 11495
Rank 0: Broadcasting best state from rank 31 with cut 11495
Rank 0: Broadcasting best state from rank 31 with cut 11495
Rank 0: Broadcasting best state from rank 31 with cut 11495
Rank 0: Broadcasting best state from rank 31 with cut 11495
Rank 0: Broadcasting best state from rank 31 with cut 11495
Iteration 690: Best cut so far = 11495
Qstate: 0.01 0.01 0.01 0.99 0.01 0.99 0.99 0.01 0.99 0.99 0.01 0.01 0.99 0.01 0.99 0.99 0.01 0.99 0.99 0.99 0.01 0.99 0.01 0.01 0.01 0.99 0.01 0.01 0.01 0.01 0.01 0.99 
Rank 0: Broadcasting best state from rank 31 with cut 11495
Rank 0: Broadcasting best state from rank 31 with cut 11495
Rank 0: Broadcasting best state from rank 31 with cut 11495
Rank 0: Broadcasting best state from rank 31 with cut 11495
Rank 0: Broadcasting best state from rank 31 with cut 11495
Rank 0: Broadcasting best state from rank 31 with cut 11495
Rank 0: Broadcasting best state from rank 31 with cut 11495
Rank 0: Broadcasting best state from rank 31 with cut 11495
Iteration 720: Best cut so far = 11495
Qstate: 0.01 0.01 0.01 0.99 0.01 0.99 0.99 0.01 0.99 0.99 0.01 0.01 0.99 0.01 0.99 0.99 0.01 0.99 0.99 0.99 0.01 0.99 0.01 0.01 0.01 0.99 0.01 0.01 0.01 0.01 0.01 0.99 
Rank 0: Broadcasting best state from rank 31 with cut 11495
Rank 0: Broadcasting best state from rank 31 with cut 11495
Rank 0: Broadcasting best state from rank 31 with cut 11495
Rank 0: Broadcasting best state from rank 31 with cut 11495
Rank 0: Broadcasting best state from rank 31 with cut 11495
Rank 0: Broadcasting best state from rank 31 with cut 11495
Rank 0: Broadcasting best state from rank 31 with cut 11495
Iteration 750: Best cut so far = 11495
Qstate: 0.01 0.01 0.01 0.99 0.01 0.99 0.99 0.01 0.99 0.99 0.01 0.01 0.99 0.01 0.99 0.99 0.01 0.99 0.99 0.99 0.01 0.99 0.01 0.01 0.01 0.99 0.01 0.01 0.01 0.01 0.01 0.99 
Rank 0: Broadcasting best state from rank 31 with cut 11495
Rank 0: Broadcasting best state from rank 31 with cut 11495
Rank 0: Broadcasting best state from rank 31 with cut 11495
Rank 0: Broadcasting best state from rank 31 with cut 11495
Rank 0: Broadcasting best state from rank 31 with cut 11495
Rank 0: Broadcasting best state from rank 31 with cut 11495
Rank 0: Broadcasting best state from rank 31 with cut 11495
Rank 0: Broadcasting best state from rank 31 with cut 11495
Iteration 780: Best cut so far = 11495
Qstate: 0.01 0.01 0.01 0.99 0.01 0.99 0.99 0.01 0.99 0.99 0.01 0.01 0.99 0.01 0.99 0.99 0.01 0.99 0.99 0.99 0.01 0.99 0.01 0.01 0.01 0.99 0.01 0.01 0.01 0.01 0.01 0.99 
Rank 0: Broadcasting best state from rank 31 with cut 11495
Rank 0: Broadcasting best state from rank 31 with cut 11495
Rank 0: Broadcasting best state from rank 31 with cut 11495
Rank 0: Broadcasting best state from rank 31 with cut 11495
Rank 0: Broadcasting best state from rank 31 with cut 11495
Rank 0: Broadcasting best state from rank 31 with cut 11495
Rank 0: Broadcasting best state from rank 31 with cut 11495
Iteration 810: Best cut so far = 11495
Qstate: 0.01 0.01 0.01 0.99 0.01 0.99 0.99 0.01 0.99 0.99 0.01 0.01 0.99 0.01 0.99 0.99 0.01 0.99 0.99 0.99 0.01 0.99 0.01 0.01 0.01 0.99 0.01 0.01 0.01 0.01 0.01 0.99 
Rank 0: Broadcasting best state from rank 31 with cut 11495
Rank 0: Broadcasting best state from rank 31 with cut 11495
Rank 0: Broadcasting best state from rank 31 with cut 11495
Rank 0: Broadcasting best state from rank 31 with cut 11495
Rank 0: Broadcasting best state from rank 31 with cut 11495
Rank 0: Broadcasting best state from rank 31 with cut 11495
Rank 0: Broadcasting best state from rank 31 with cut 11495
Rank 0: Broadcasting best state from rank 31 with cut 11495
Iteration 840: Best cut so far = 11495
Qstate: 0.01 0.01 0.01 0.99 0.01 0.99 0.99 0.01 0.99 0.99 0.01 0.01 0.99 0.01 0.99 0.99 0.01 0.99 0.99 0.99 0.01 0.99 0.01 0.01 0.01 0.99 0.01 0.01 0.01 0.01 0.01 0.99 
Rank 0: Broadcasting best state from rank 31 with cut 11495
Rank 0: Broadcasting best state from rank 31 with cut 11495
Rank 0: Broadcasting best state from rank 31 with cut 11495
Rank 0: Broadcasting best state from rank 31 with cut 11495
Rank 0: Broadcasting best state from rank 31 with cut 11495
Rank 0: Broadcasting best state from rank 31 with cut 11495
Rank 0: Broadcasting best state from rank 31 with cut 11495
Iteration 870: Best cut so far = 11495
Qstate: 0.01 0.01 0.01 0.99 0.01 0.99 0.99 0.01 0.99 0.99 0.01 0.01 0.99 0.01 0.99 0.99 0.01 0.99 0.99 0.99 0.01 0.99 0.01 0.01 0.01 0.99 0.01 0.01 0.01 0.01 0.01 0.99 
Rank 0: Broadcasting best state from rank 31 with cut 11495
Rank 0: Broadcasting best state from rank 31 with cut 11495
Rank 0: Broadcasting best state from rank 31 with cut 11495
Rank 0: Broadcasting best state from rank 31 with cut 11495
Rank 0: Broadcasting best state from rank 31 with cut 11495
Rank 0: Broadcasting best state from rank 31 with cut 11495
Rank 0: Broadcasting best state from rank 31 with cut 11495
Rank 0: Broadcasting best state from rank 31 with cut 11495
Iteration 900: Best cut so far = 11495
Qstate: 0.01 0.01 0.01 0.99 0.01 0.99 0.99 0.01 0.99 0.99 0.01 0.01 0.99 0.01 0.99 0.99 0.01 0.99 0.99 0.99 0.01 0.99 0.01 0.01 0.01 0.99 0.01 0.01 0.01 0.01 0.01 0.99 
Rank 0: Broadcasting best state from rank 31 with cut 11495
Rank 0: Broadcasting best state from rank 31 with cut 11495
Rank 0: Broadcasting best state from rank 31 with cut 11495
Rank 0: Broadcasting best state from rank 31 with cut 11495
Rank 0: Broadcasting best state from rank 31 with cut 11495
Rank 0: Broadcasting best state from rank 31 with cut 11495
Rank 0: Broadcasting best state from rank 31 with cut 11495
Iteration 930: Best cut so far = 11495
Qstate: 0.01 0.01 0.01 0.99 0.01 0.99 0.99 0.01 0.99 0.99 0.01 0.01 0.99 0.01 0.99 0.99 0.01 0.99 0.99 0.99 0.01 0.99 0.01 0.01 0.01 0.99 0.01 0.01 0.01 0.01 0.01 0.99 
Rank 0: Broadcasting best state from rank 31 with cut 11495
Rank 0: Broadcasting best state from rank 31 with cut 11495
Rank 0: Broadcasting best state from rank 31 with cut 11495
Rank 0: Broadcasting best state from rank 31 with cut 11495
Rank 0: Broadcasting best state from rank 31 with cut 11495
Rank 0: Broadcasting best state from rank 31 with cut 11495
Rank 0: Broadcasting best state from rank 31 with cut 11495
Rank 0: Broadcasting best state from rank 31 with cut 11495
Iteration 960: Best cut so far = 11495
Qstate: 0.01 0.01 0.01 0.99 0.01 0.99 0.99 0.01 0.99 0.99 0.01 0.01 0.99 0.01 0.99 0.99 0.01 0.99 0.99 0.99 0.01 0.99 0.01 0.01 0.01 0.99 0.01 0.01 0.01 0.01 0.01 0.99 
Rank 0: Broadcasting best state from rank 31 with cut 11495
Rank 0: Broadcasting best state from rank 31 with cut 11495
Rank 0: Broadcasting best state from rank 31 with cut 11495
Rank 0: Broadcasting best state from rank 31 with cut 11495
Rank 0: Broadcasting best state from rank 31 with cut 11495
Rank 0: Broadcasting best state from rank 31 with cut 11495
Rank 0: Broadcasting best state from rank 31 with cut 11495
Iteration 990: Best cut so far = 11495
Qstate: 0.01 0.01 0.01 0.99 0.01 0.99 0.99 0.01 0.99 0.99 0.01 0.01 0.99 0.01 0.99 0.99 0.01 0.99 0.99 0.99 0.01 0.99 0.01 0.01 0.01 0.99 0.01 0.01 0.01 0.01 0.01 0.99 
Rank 0: Broadcasting best state from rank 31 with cut 11495
Rank 0: Broadcasting best state from rank 31 with cut 11495
Rank 0: Broadcasting best state from rank 31 with cut 11495
Rank 0: Broadcasting best state from rank 31 with cut 11495
Rank 0: Broadcasting best state from rank 31 with cut 11495
Rank 0: Broadcasting best state from rank 31 with cut 11495
Rank 0: Broadcasting best state from rank 31 with cut 11495
Rank 0: Broadcasting best state from rank 31 with cut 11495
Iteration 1020: Best cut so far = 11495
Qstate: 0.01 0.01 0.01 0.99 0.01 0.99 0.99 0.01 0.99 0.99 0.01 0.01 0.99 0.01 0.99 0.99 0.01 0.99 0.99 0.99 0.01 0.99 0.01 0.01 0.01 0.99 0.01 0.01 0.01 0.01 0.01 0.99 
Rank 0: Broadcasting best state from rank 31 with cut 11495
Rank 0: Broadcasting best state from rank 31 with cut 11495
Rank 0: Broadcasting best state from rank 31 with cut 11495
Rank 0: Broadcasting best state from rank 31 with cut 11495
Rank 0: Broadcasting best state from rank 31 with cut 11495
Rank 0: Broadcasting best state from rank 31 with cut 11495
Rank 0: Broadcasting best state from rank 31 with cut 11495
Iteration 1050: Best cut so far = 11495
Qstate: 0.01 0.01 0.01 0.99 0.01 0.99 0.99 0.01 0.99 0.99 0.01 0.01 0.99 0.01 0.99 0.99 0.01 0.99 0.99 0.99 0.01 0.99 0.01 0.01 0.01 0.99 0.01 0.01 0.01 0.01 0.01 0.99 
Rank 0: Broadcasting best state from rank 31 with cut 11495
Rank 0: Broadcasting best state from rank 31 with cut 11495
Rank 0: Broadcasting best state from rank 31 with cut 11495
Rank 0: Broadcasting best state from rank 31 with cut 11495
Rank 0: Broadcasting best state from rank 31 with cut 11495
Rank 0: Broadcasting best state from rank 31 with cut 11495
Rank 0: Broadcasting best state from rank 31 with cut 11495
Rank 0: Broadcasting best state from rank 31 with cut 11495
Iteration 1080: Best cut so far = 11495
Qstate: 0.01 0.01 0.01 0.99 0.01 0.99 0.99 0.01 0.99 0.99 0.01 0.01 0.99 0.01 0.99 0.99 0.01 0.99 0.99 0.99 0.01 0.99 0.01 0.01 0.01 0.99 0.01 0.01 0.01 0.01 0.01 0.99 
Rank 0: Broadcasting best state from rank 31 with cut 11495
Rank 0: Broadcasting best state from rank 31 with cut 11495
Rank 0: Broadcasting best state from rank 31 with cut 11495
Rank 0: Broadcasting best state from rank 31 with cut 11495
Rank 0: Broadcasting best state from rank 31 with cut 11495
Rank 0: Broadcasting best state from rank 31 with cut 11495
Rank 0: Broadcasting best state from rank 31 with cut 11495
Iteration 1110: Best cut so far = 11495
Qstate: 0.01 0.01 0.01 0.99 0.01 0.99 0.99 0.01 0.99 0.99 0.01 0.01 0.99 0.01 0.99 0.99 0.01 0.99 0.99 0.99 0.01 0.99 0.01 0.01 0.01 0.99 0.01 0.01 0.01 0.01 0.01 0.99 
Rank 0: Broadcasting best state from rank 31 with cut 11495
Rank 0: Broadcasting best state from rank 31 with cut 11495
Rank 0: Broadcasting best state from rank 31 with cut 11495
Rank 0: Broadcasting best state from rank 31 with cut 11495
Rank 0: Broadcasting best state from rank 31 with cut 11495
Rank 0: Broadcasting best state from rank 31 with cut 11495
Rank 0: Broadcasting best state from rank 31 with cut 11495
Rank 0: Broadcasting best state from rank 31 with cut 11495
Iteration 1140: Best cut so far = 11495
Qstate: 0.01 0.01 0.01 0.99 0.01 0.99 0.99 0.01 0.99 0.99 0.01 0.01 0.99 0.01 0.99 0.99 0.01 0.99 0.99 0.99 0.01 0.99 0.01 0.01 0.01 0.99 0.01 0.01 0.01 0.01 0.01 0.99 
Rank 0: Broadcasting best state from rank 31 with cut 11495
Rank 0: Broadcasting best state from rank 31 with cut 11495
Rank 0: Broadcasting best state from rank 31 with cut 11495
Rank 0: Broadcasting best state from rank 31 with cut 11495
Rank 0: Broadcasting best state from rank 31 with cut 11495
Rank 0: Broadcasting best state from rank 31 with cut 11495
Rank 0: Broadcasting best state from rank 31 with cut 11495
Iteration 1170: Best cut so far = 11495
Qstate: 0.01 0.01 0.01 0.99 0.01 0.99 0.99 0.01 0.99 0.99 0.01 0.01 0.99 0.01 0.99 0.99 0.01 0.99 0.99 0.99 0.01 0.99 0.01 0.01 0.01 0.99 0.01 0.01 0.01 0.01 0.01 0.99 
Rank 0: Broadcasting best state from rank 31 with cut 11495
Rank 0: Broadcasting best state from rank 31 with cut 11495
Rank 0: Broadcasting best state from rank 31 with cut 11495
Rank 0: Broadcasting best state from rank 31 with cut 11495
Rank 0: Broadcasting best state from rank 31 with cut 11495
Rank 0: Broadcasting best state from rank 31 with cut 11495
Rank 0: Broadcasting best state from rank 31 with cut 11495
Rank 0: Broadcasting best state from rank 31 with cut 11495
Iteration 1200: Best cut so far = 11495
Qstate: 0.01 0.01 0.01 0.99 0.01 0.99 0.99 0.01 0.99 0.99 0.01 0.01 0.99 0.01 0.99 0.99 0.01 0.99 0.99 0.99 0.01 0.99 0.01 0.01 0.01 0.99 0.01 0.01 0.01 0.01 0.01 0.99 
Rank 0: Broadcasting best state from rank 31 with cut 11495
Rank 0: Broadcasting best state from rank 31 with cut 11495
Rank 0: Broadcasting best state from rank 31 with cut 11495
Rank 0: Broadcasting best state from rank 31 with cut 11495
Rank 0: Broadcasting best state from rank 31 with cut 11495
Rank 0: Broadcasting best state from rank 31 with cut 11495
Rank 0: Broadcasting best state from rank 31 with cut 11495
Iteration 1230: Best cut so far = 11495
Qstate: 0.01 0.01 0.01 0.99 0.01 0.99 0.99 0.01 0.99 0.99 0.01 0.01 0.99 0.01 0.99 0.99 0.01 0.99 0.99 0.99 0.01 0.99 0.01 0.01 0.01 0.99 0.01 0.01 0.01 0.01 0.01 0.99 
Rank 0: Broadcasting best state from rank 31 with cut 11495
Rank 0: Broadcasting best state from rank 31 with cut 11495
Rank 0: Broadcasting best state from rank 31 with cut 11495
Rank 0: Broadcasting best state from rank 31 with cut 11495
Rank 0: Broadcasting best state from rank 31 with cut 11495
Rank 0: Broadcasting best state from rank 31 with cut 11495
Rank 0: Broadcasting best state from rank 31 with cut 11495
Rank 0: Broadcasting best state from rank 31 with cut 11495
Iteration 1260: Best cut so far = 11495
Qstate: 0.01 0.01 0.01 0.99 0.01 0.99 0.99 0.01 0.99 0.99 0.01 0.01 0.99 0.01 0.99 0.99 0.01 0.99 0.99 0.99 0.01 0.99 0.01 0.01 0.01 0.99 0.01 0.01 0.01 0.01 0.01 0.99 
Rank 0: Broadcasting best state from rank 31 with cut 11495
Rank 0: Broadcasting best state from rank 31 with cut 11495
Rank 0: Broadcasting best state from rank 31 with cut 11495
Rank 0: Broadcasting best state from rank 31 with cut 11495
Rank 0: Broadcasting best state from rank 31 with cut 11495
Rank 0: Broadcasting best state from rank 31 with cut 11495
Rank 0: Broadcasting best state from rank 31 with cut 11495
Iteration 1290: Best cut so far = 11495
Qstate: 0.01 0.01 0.01 0.99 0.01 0.99 0.99 0.01 0.99 0.99 0.01 0.01 0.99 0.01 0.99 0.99 0.01 0.99 0.99 0.99 0.01 0.99 0.01 0.01 0.01 0.99 0.01 0.01 0.01 0.01 0.01 0.99 
Rank 0: Broadcasting best state from rank 31 with cut 11495
Rank 0: Broadcasting best state from rank 31 with cut 11495
Rank 0: Broadcasting best state from rank 31 with cut 11495
Rank 0: Broadcasting best state from rank 31 with cut 11495
Rank 0: Broadcasting best state from rank 31 with cut 11495
Rank 0: Broadcasting best state from rank 31 with cut 11495
Rank 0: Broadcasting best state from rank 31 with cut 11495
Rank 0: Broadcasting best state from rank 31 with cut 11495
Iteration 1320: Best cut so far = 11495
Qstate: 0.01 0.01 0.01 0.99 0.01 0.99 0.99 0.01 0.99 0.99 0.01 0.01 0.99 0.01 0.99 0.99 0.01 0.99 0.99 0.99 0.01 0.99 0.01 0.01 0.01 0.99 0.01 0.01 0.01 0.01 0.01 0.99 
Rank 0: Broadcasting best state from rank 31 with cut 11495
Rank 0: Broadcasting best state from rank 31 with cut 11495
Rank 0: Broadcasting best state from rank 31 with cut 11495
Rank 0: Broadcasting best state from rank 31 with cut 11495
Rank 0: Broadcasting best state from rank 31 with cut 11495
Rank 0: Broadcasting best state from rank 31 with cut 11495
Rank 0: Broadcasting best state from rank 31 with cut 11495
Iteration 1350: Best cut so far = 11495
Qstate: 0.01 0.01 0.01 0.99 0.01 0.99 0.99 0.01 0.99 0.99 0.01 0.01 0.99 0.01 0.99 0.99 0.01 0.99 0.99 0.99 0.01 0.99 0.01 0.01 0.01 0.99 0.01 0.01 0.01 0.01 0.01 0.99 
Rank 0: Broadcasting best state from rank 31 with cut 11495
Rank 0: Broadcasting best state from rank 31 with cut 11495
Rank 0: Broadcasting best state from rank 31 with cut 11495
Rank 0: Broadcasting best state from rank 31 with cut 11495
Rank 0: Broadcasting best state from rank 31 with cut 11495
Rank 0: Broadcasting best state from rank 31 with cut 11495
Rank 0: Broadcasting best state from rank 31 with cut 11495
Rank 0: Broadcasting best state from rank 31 with cut 11495
Iteration 1380: Best cut so far = 11495
Qstate: 0.01 0.01 0.01 0.99 0.01 0.99 0.99 0.01 0.99 0.99 0.01 0.01 0.99 0.01 0.99 0.99 0.01 0.99 0.99 0.99 0.01 0.99 0.01 0.01 0.01 0.99 0.01 0.01 0.01 0.01 0.01 0.99 
Rank 0: Broadcasting best state from rank 31 with cut 11495
Rank 0: Broadcasting best state from rank 31 with cut 11495
Rank 0: Broadcasting best state from rank 31 with cut 11495
Rank 0: Broadcasting best state from rank 31 with cut 11495
Rank 0: Broadcasting best state from rank 31 with cut 11495
Rank 0: Broadcasting best state from rank 31 with cut 11495
Rank 0: Broadcasting best state from rank 31 with cut 11495
Iteration 1410: Best cut so far = 11495
Qstate: 0.01 0.01 0.01 0.99 0.01 0.99 0.99 0.01 0.99 0.99 0.01 0.01 0.99 0.01 0.99 0.99 0.01 0.99 0.99 0.99 0.01 0.99 0.01 0.01 0.01 0.99 0.01 0.01 0.01 0.01 0.01 0.99 
Rank 0: Broadcasting best state from rank 31 with cut 11495
Rank 0: Broadcasting best state from rank 31 with cut 11495
Rank 0: Broadcasting best state from rank 31 with cut 11495
Rank 0: Broadcasting best state from rank 31 with cut 11495
Rank 0: Broadcasting best state from rank 31 with cut 11495
Rank 0: Broadcasting best state from rank 31 with cut 11495
Rank 0: Broadcasting best state from rank 31 with cut 11495
Rank 0: Broadcasting best state from rank 31 with cut 11495
Iteration 1440: Best cut so far = 11495
Qstate: 0.01 0.01 0.01 0.99 0.01 0.99 0.99 0.01 0.99 0.99 0.01 0.01 0.99 0.01 0.99 0.99 0.01 0.99 0.99 0.99 0.01 0.99 0.01 0.01 0.01 0.99 0.01 0.01 0.01 0.01 0.01 0.99 
Rank 0: Broadcasting best state from rank 31 with cut 11495
Rank 0: Broadcasting best state from rank 31 with cut 11495
Rank 0: Broadcasting best state from rank 31 with cut 11495
Rank 0: Broadcasting best state from rank 31 with cut 11495
Rank 0: Broadcasting best state from rank 31 with cut 11495
Rank 0: Broadcasting best state from rank 31 with cut 11495
Rank 0: Broadcasting best state from rank 31 with cut 11495
Iteration 1470: Best cut so far = 11495
Qstate: 0.01 0.01 0.01 0.99 0.01 0.99 0.99 0.01 0.99 0.99 0.01 0.01 0.99 0.01 0.99 0.99 0.01 0.99 0.99 0.99 0.01 0.99 0.01 0.01 0.01 0.99 0.01 0.01 0.01 0.01 0.01 0.99 
Rank 0: Broadcasting best state from rank 31 with cut 11495
Rank 0: Broadcasting best state from rank 31 with cut 11495
Rank 0: Broadcasting best state from rank 31 with cut 11495
Rank 0: Broadcasting best state from rank 31 with cut 11495
Rank 0: Broadcasting best state from rank 31 with cut 11495
Rank 0: Broadcasting best state from rank 31 with cut 11495
Rank 0: Broadcasting best state from rank 31 with cut 11495
Final max cut: 11495
Total checked: 201326592000
Per iteration: 134217728
Per global sync: 536870912
(Thread 937080)
Time: 487.185657
Final Qstate:
0.01000 0.01000 0.01000 0.99000 0.01000 0.99000 0.99000 0.01000 0.99000 0.99000 0.01000 0.01000 0.99000 0.01000 0.99000 0.99000 0.01000 0.99000 0.99000 0.99000 0.01000 0.99000 0.01000 0.01000 0.01000 0.99000 0.01000 0.01000 0.01000 0.01000 0.01000 0.99000 0.01000 0.99000 0.01000 0.99000 0.99000 0.99000 0.99000 0.01000 0.99000 0.01000 0.01000 0.99000 0.99000 0.99000 0.01000 0.99000 0.99000 0.01000 0.99000 0.01000 0.99000 0.01000 0.99000 0.99000 0.01000 0.01000 0.99000 0.01000 0.99000 0.01000 0.01000 0.01000 0.99000 0.01000 0.99000 0.99000 0.01000 0.99000 0.01000 0.99000 0.01000 0.01000 0.99000 0.01000 0.01000 0.99000 0.99000 0.01000 0.99000 0.99000 0.01000 0.01000 0.99000 0.01000 0.01000 0.01000 0.99000 0.01000 0.01000 0.99000 0.99000 0.01000 0.01000 0.99000 0.01000 0.99000 0.01000 0.99000 0.01000 0.01000 0.99000 0.01000 0.01000 0.01000 0.99000 0.01000 0.99000 0.99000 0.01000 0.99000 0.01000 0.01000 0.01000 0.01000 0.01000 0.99000 0.01000 0.99000 0.01000 0.99000 0.99000 0.99000 0.99000 0.99000 0.01000 0.01000 0.01000 0.01000 0.99000 0.01000 0.01000 0.01000 0.01000 0.01000 0.99000 0.99000 0.01000 0.01000 0.99000 0.99000 0.96773 0.99000 0.99000 0.99000 0.99000 0.01000 0.01000 0.01000 0.99000 0.01000 0.01000 0.99000 0.99000 0.01000 0.99000 0.99000 0.01000 0.01000 0.01000 0.99000 0.01372 0.01000 0.99000 0.01000 0.99000 0.99000 0.99000 0.99000 0.01000 0.99000 0.99000 0.01000 0.99000 0.93338 0.99000 0.01000 0.01000 0.01000 0.01000 0.01000 0.01000 0.01000 0.99000 0.01000 0.01000 0.01000 0.99000 0.99000 0.01000 0.01000 0.01000 0.01000 0.01000 0.99000 0.99000 0.99000 0.99000 0.01000 0.99000 0.01000 0.01000 0.99000 0.99000 0.01000 0.01000 0.99000 0.99000 0.99000 0.01000 0.01000 0.99000 0.01000 0.99000 0.99000 0.99000 0.01000 0.99000 0.01000 0.99000 0.01000 0.01000 0.99000 0.99000 0.99000 0.99000 0.01000 0.01000 0.01000 0.01000 0.01000 0.99000 0.99000 0.99000 0.01000 0.99000 0.99000 0.99000 0.01000 0.01000 0.99000 0.01000 0.99000 0.99000 0.99000 0.99000 0.99000 0.99000 0.01000 0.01000 0.99000 0.01000 0.01000 0.01000 0.99000 0.99000 0.99000 0.99000 0.99000 0.99000 0.99000 0.99000 0.99000 0.99000 0.99000 0.99000 0.01000 0.01000 0.99000 0.99000 0.01000 0.99000 0.01000 0.01000 0.01000 0.01000 0.01000 0.99000 0.01000 0.99000 0.01000 0.99000 0.99000 0.01000 0.01000 0.99000 0.99000 0.01000 0.01000 0.99000 0.99000 0.01000 0.99000 0.01000 0.99000 0.99000 0.99000 0.01000 0.01000 0.01000 0.01000 0.01000 0.99000 0.01000 0.01000 0.01000 0.01000 0.01000 0.99000 0.99000 0.01000 0.99000 0.01000 0.01000 0.01000 0.01000 0.01000 0.01000 0.01000 0.01000 0.99000 0.99000 0.99000 0.99000 0.99000 0.99000 0.01000 0.99000 0.01000 0.99000 0.01000 0.01000 0.99000 0.01000 0.99000 0.01000 0.99000 0.01000 0.99000 0.99000 0.99000 0.99000 0.01000 0.01000 0.01000 0.99000 0.99000 0.01000 0.99000 0.01000 0.01000 0.01000 0.01000 0.99000 0.01000 0.99000 0.01000 0.01000 0.01000 0.99000 0.99000 0.01000 0.01000 0.01000 0.01000 0.99000 0.01000 0.99000 0.99000 0.99000 0.99000 0.99000 0.01000 0.01000 0.99000 0.01000 0.01000 0.01000 0.01000 0.99000 0.99000 0.01000 0.99000 0.99000 0.01000 0.01000 0.99000 0.99000 0.99000 0.99000 0.99000 0.99000 0.01000 0.99000 0.99000 0.01000 0.01000 0.99000 0.01000 0.01000 0.01000 0.99000 0.99000 0.99000 0.99000 0.01000 0.99000 0.01000 0.01000 0.99000 0.01000 0.99000 0.99000 0.01000 0.99000 0.99000 0.99000 0.99000 0.01000 0.99000 0.99000 0.01000 0.99000 0.99000 0.99000 0.01000 0.01000 0.99000 0.99000 0.99000 0.01000 0.99000 0.01000 0.01000 0.01000 0.99000 0.01000 0.01000 0.01000 0.99000 0.01000 0.01000 0.99000 0.99000 0.99000 0.01000 0.99000 0.98859 0.01000 0.01000 0.01000 0.01000 0.99000 0.01000 0.99000 0.01000 0.01000 0.99000 0.99000 0.99000 0.01000 0.01000 0.99000 0.01000 0.01000 0.01000 0.99000 0.01000 0.01000 0.01000 0.01000 0.99000 0.99000 0.99000 0.01000 0.99000 0.99000 0.99000 0.01000 0.99000 0.01000 0.01000 0.01000 0.01000 0.99000 0.99000 0.99000 0.01000 0.01000 0.99000 0.99000 0.99000 0.99000 0.99000 0.99000 0.99000 0.99000 0.99000 0.01000 0.99000 0.01000 0.99000 0.99000 0.99000 0.01000 0.99000 0.01000 0.01000 0.99000 0.99000 0.01000 0.01000 0.99000 0.01000 0.01000 0.99000 0.99000 0.01000 0.99000 0.99000 0.99000 0.01000 0.01000 0.01000 0.01000 0.01000 0.99000 0.99000 0.99000 0.99000 0.99000 0.01000 0.99000 0.99000 0.99000 0.99000 0.01000 0.01000 0.01000 0.01000 0.01000 0.99000 0.01000 0.01000 0.99000 0.01000 0.01000 0.99000 0.01000 0.01000 0.01000 0.01000 0.99000 0.01000 0.01000 0.01000 0.01000 0.01000 0.99000 0.99000 0.01000 0.01000 0.99000 0.01000 0.99000 0.99000 0.99000 0.99000 0.01000 0.01000 0.01000 0.99000 0.99000 0.01000 0.99000 0.01000 0.99000 0.01000 0.01000 0.99000 0.99000 0.01000 0.01000 0.99000 0.01000 0.01000 0.99000 0.01000 0.01000 0.99000 0.99000 0.01000 0.01000 0.99000 0.01000 0.01000 0.99000 0.99000 0.99000 0.01000 0.01000 0.01000 0.01000 0.01000 0.99000 0.99000 0.01000 0.01000 0.99000 0.41833 0.99000 0.01000 0.99000 0.01000 0.01000 0.99000 0.01000 0.99000 0.01000 0.01000 0.99000 0.02063 0.01000 0.99000 0.01000 0.01000 0.01000 0.99000 0.99000 0.99000 0.01000 0.99000 0.01000 0.01000 0.01000 0.99000 0.01000 0.99000 0.99000 0.01000 0.99000 0.01000 0.99000 0.99000 0.01000 0.01000 0.01000 0.99000 0.01000 0.01000 0.99000 0.99000 0.01000 0.01000 0.99000 0.99000 0.99000 0.99000 0.99000 0.99000 0.01000 0.99000 0.99000 0.99000 0.99000 0.99000 0.01000 0.99000 0.99000 0.01000 0.01000 0.99000 0.99000 0.01000 0.01000 0.01000 0.01000 0.01000 0.99000 0.01000 0.99000 0.99000 0.99000 0.01000 0.01000 0.99000 0.99000 0.99000 0.01000 0.99000 0.99000 0.99000 0.99000 0.01000 0.99000 0.01000 0.01000 0.01000 0.01000 0.99000 0.01000 0.01000 0.99000 0.01000 0.99000 0.01000 0.01000 0.01000 0.99000 0.99000 0.99000 0.01000 0.01000 0.99000 0.01000 0.01000 0.99000 0.01000 0.01000 0.01000 0.01000 0.01000 0.01000 0.99000 0.01000 0.99000 0.01000 0.01000 0.01000 0.99000 0.99000 0.01000 0.99000 0.99000 0.01000 0.99000 0.01000 0.01000 0.01000 0.99000 0.99000 0.01000 0.01000 0.01000 0.99000 0.99000 0.99000 0.01000 0.99000 0.99000 0.01000 0.01000 0.01000 0.99000 0.99000 0.01000 0.01000 0.99000 0.01000 0.99000 0.99000 0.01000 0.01000 0.01000 0.01000 0.01000 0.99000 0.99000 0.99000 0.99000 0.99000 0.99000 0.99000 0.99000 0.99000 0.01000 0.01000 0.01000 0.99000 0.99000 0.99000 0.99000 0.01000 0.99000 0.99000 0.99000 0.99000 0.99000 0.99000 0.01000 0.01000 0.99000 0.01000 0.01000 0.01000 0.01000 0.99000 0.01000 0.99000 0.98475 0.07831 0.95232 0.98621 0.48276 0.64238 0.05008 0.32578 0.99000 0.51463 0.24624 0.02438 0.06623 0.17629 0.29331 0.71475 0.52866 0.27827 0.99000 0.25013 0.17463 0.99000 0.97718 0.22845 0.11970 0.85848 0.38221 0.26026 0.52538 0.03552 0.02272 0.06587 
